Information,21/05/2020 14:02,Microsoft-Windows-Security-Auditing,4688,Process Creation,"A new process has been created.

Creator Subject:
	Security ID:		DESKTOP-P8HTU4V\User
	Account Name:		User
	Account Domain:		DESKTOP-P8HTU4V
	Logon ID:		0x344C8

Target Subject:
	Security ID:		NULL SID
	Account Name:		-
	Account Domain:		-
	Logon ID:		0x0

Process Information:
	New Process ID:		0x13b4
	New Process Name:	C:\Windows\System32\cmd.exe
	Token Elevation Type:	%%1936
	Mandatory Label:		Mandatory Label\High Mandatory Level
	Creator Process ID:	0x122c
	Creator Process Name:	C:\Windows\System32\WindowsPowerShell\v1.0\powershell.exe
	Process Command Line:	

Token Elevation Type indicates the type of token that was assigned to the new process in accordance with User Account Control policy.

Type 1 is a full token with no privileges removed or groups disabled.  A full token is only used if User Account Control is disabled or if the user is the built-in Administrator account or a service account.

Type 2 is an elevated token with no privileges removed or groups disabled.  An elevated token is used when User Account Control is enabled and the user chooses to start the program using Run as administrator.  An elevated token is also used when an application is configured to always require administrative privilege or to always require maximum privilege, and the user is a member of the Administrators group.

Type 3 is a limited token with administrative privileges removed and administrative groups disabled.  The limited token is used when User Account Control is enabled, the application does not require administrative privilege, and the user does not choose to start the program using Run as administrator."
Information,21/05/2020 14:02,Microsoft-Windows-Security-Auditing,4688,Process Creation,"A new process has been created.

Creator Subject:
	Security ID:		DESKTOP-P8HTU4V\User
	Account Name:		User
	Account Domain:		DESKTOP-P8HTU4V
	Logon ID:		0x344C8

Target Subject:
	Security ID:		NULL SID
	Account Name:		-
	Account Domain:		-
	Logon ID:		0x0

Process Information:
	New Process ID:		0xfb4
	New Process Name:	C:\Windows\System32\WindowsPowerShell\v1.0\powershell.exe
	Token Elevation Type:	%%1936
	Mandatory Label:		Mandatory Label\High Mandatory Level
	Creator Process ID:	0x122c
	Creator Process Name:	C:\Windows\System32\WindowsPowerShell\v1.0\powershell.exe
	Process Command Line:	

Token Elevation Type indicates the type of token that was assigned to the new process in accordance with User Account Control policy.

Type 1 is a full token with no privileges removed or groups disabled.  A full token is only used if User Account Control is disabled or if the user is the built-in Administrator account or a service account.

Type 2 is an elevated token with no privileges removed or groups disabled.  An elevated token is used when User Account Control is enabled and the user chooses to start the program using Run as administrator.  An elevated token is also used when an application is configured to always require administrative privilege or to always require maximum privilege, and the user is a member of the Administrators group.

Type 3 is a limited token with administrative privileges removed and administrative groups disabled.  The limited token is used when User Account Control is enabled, the application does not require administrative privilege, and the user does not choose to start the program using Run as administrator."
Information,21/05/2020 14:02,Microsoft-Windows-Security-Auditing,4674,Sensitive Privilege Use,"An operation was attempted on a privileged object.

Subject:
	Security ID:		DESKTOP-P8HTU4V\User
	Account Name:		User
	Account Domain:		DESKTOP-P8HTU4V
	Logon ID:		0x344C8

Object:
	Object Server:	Security
	Object Type:	Semaphore
	Object Name:	\Sessions\1\BaseNamedObjects\SM0:4592:304:WilStaging_02_p0h
	Object Handle:	0x30c

Process Information:
	Process ID:	0x11f0
	Process Name:	C:\Windows\System32\notepad.exe

Requested Operation:
	Desired Access:	DELETE
				READ_CONTROL
				WRITE_DAC
				WRITE_OWNER
				SYNCHRONIZE
				Query semaphore state
				Modify semaphore state
				
	Privileges:		SeTakeOwnershipPrivilege"
Information,21/05/2020 14:02,Microsoft-Windows-Security-Auditing,4674,Sensitive Privilege Use,"An operation was attempted on a privileged object.

Subject:
	Security ID:		DESKTOP-P8HTU4V\User
	Account Name:		User
	Account Domain:		DESKTOP-P8HTU4V
	Logon ID:		0x344C8

Object:
	Object Server:	Security
	Object Type:	Semaphore
	Object Name:	\Sessions\1\BaseNamedObjects\SM0:4592:304:WilStaging_02_p0
	Object Handle:	0x308

Process Information:
	Process ID:	0x11f0
	Process Name:	C:\Windows\System32\notepad.exe

Requested Operation:
	Desired Access:	DELETE
				READ_CONTROL
				WRITE_DAC
				WRITE_OWNER
				SYNCHRONIZE
				Query semaphore state
				Modify semaphore state
				
	Privileges:		SeTakeOwnershipPrivilege"
Information,21/05/2020 14:02,Microsoft-Windows-Security-Auditing,4674,Sensitive Privilege Use,"An operation was attempted on a privileged object.

Subject:
	Security ID:		DESKTOP-P8HTU4V\User
	Account Name:		User
	Account Domain:		DESKTOP-P8HTU4V
	Logon ID:		0x344C8

Object:
	Object Server:	Security
	Object Type:	-
	Object Name:	-
	Object Handle:	0x304

Process Information:
	Process ID:	0x11f0
	Process Name:	C:\Windows\System32\notepad.exe

Requested Operation:
	Desired Access:	2031617
	Privileges:		SeTakeOwnershipPrivilege"
Information,21/05/2020 14:02,Microsoft-Windows-Security-Auditing,4674,Sensitive Privilege Use,"An operation was attempted on a privileged object.

Subject:
	Security ID:		DESKTOP-P8HTU4V\User
	Account Name:		User
	Account Domain:		DESKTOP-P8HTU4V
	Logon ID:		0x344C8

Object:
	Object Server:	Security
	Object Type:	Mutant
	Object Name:	\Sessions\1\BaseNamedObjects\SM0:4592:304:WilStaging_02
	Object Handle:	0x304

Process Information:
	Process ID:	0x11f0
	Process Name:	C:\Windows\System32\notepad.exe

Requested Operation:
	Desired Access:	DELETE
				READ_CONTROL
				WRITE_DAC
				WRITE_OWNER
				SYNCHRONIZE
				Query mutant state
				
	Privileges:		SeTakeOwnershipPrivilege"
Information,21/05/2020 14:02,Microsoft-Windows-Security-Auditing,4674,Sensitive Privilege Use,"An operation was attempted on a privileged object.

Subject:
	Security ID:		DESKTOP-P8HTU4V\User
	Account Name:		User
	Account Domain:		DESKTOP-P8HTU4V
	Logon ID:		0x344C8

Object:
	Object Server:	Security
	Object Type:	Semaphore
	Object Name:	\Sessions\1\BaseNamedObjects\SM0:4592:120:WilError_02_p0h
	Object Handle:	0x2f8

Process Information:
	Process ID:	0x11f0
	Process Name:	C:\Windows\System32\notepad.exe

Requested Operation:
	Desired Access:	DELETE
				READ_CONTROL
				WRITE_DAC
				WRITE_OWNER
				SYNCHRONIZE
				Query semaphore state
				Modify semaphore state
				
	Privileges:		SeTakeOwnershipPrivilege"
Information,21/05/2020 14:02,Microsoft-Windows-Security-Auditing,4674,Sensitive Privilege Use,"An operation was attempted on a privileged object.

Subject:
	Security ID:		DESKTOP-P8HTU4V\User
	Account Name:		User
	Account Domain:		DESKTOP-P8HTU4V
	Logon ID:		0x344C8

Object:
	Object Server:	Security
	Object Type:	Semaphore
	Object Name:	\Sessions\1\BaseNamedObjects\SM0:4592:120:WilError_02_p0
	Object Handle:	0x2f4

Process Information:
	Process ID:	0x11f0
	Process Name:	C:\Windows\System32\notepad.exe

Requested Operation:
	Desired Access:	DELETE
				READ_CONTROL
				WRITE_DAC
				WRITE_OWNER
				SYNCHRONIZE
				Query semaphore state
				Modify semaphore state
				
	Privileges:		SeTakeOwnershipPrivilege"
Information,21/05/2020 14:02,Microsoft-Windows-Security-Auditing,4674,Sensitive Privilege Use,"An operation was attempted on a privileged object.

Subject:
	Security ID:		DESKTOP-P8HTU4V\User
	Account Name:		User
	Account Domain:		DESKTOP-P8HTU4V
	Logon ID:		0x344C8

Object:
	Object Server:	Security
	Object Type:	-
	Object Name:	-
	Object Handle:	0x2f0

Process Information:
	Process ID:	0x11f0
	Process Name:	C:\Windows\System32\notepad.exe

Requested Operation:
	Desired Access:	2031617
	Privileges:		SeTakeOwnershipPrivilege"
Information,21/05/2020 14:02,Microsoft-Windows-Security-Auditing,4674,Sensitive Privilege Use,"An operation was attempted on a privileged object.

Subject:
	Security ID:		DESKTOP-P8HTU4V\User
	Account Name:		User
	Account Domain:		DESKTOP-P8HTU4V
	Logon ID:		0x344C8

Object:
	Object Server:	Security
	Object Type:	Mutant
	Object Name:	\Sessions\1\BaseNamedObjects\SM0:4592:120:WilError_02
	Object Handle:	0x2f0

Process Information:
	Process ID:	0x11f0
	Process Name:	C:\Windows\System32\notepad.exe

Requested Operation:
	Desired Access:	DELETE
				READ_CONTROL
				WRITE_DAC
				WRITE_OWNER
				SYNCHRONIZE
				Query mutant state
				
	Privileges:		SeTakeOwnershipPrivilege"
Information,21/05/2020 14:02,Microsoft-Windows-Security-Auditing,4674,Sensitive Privilege Use,"An operation was attempted on a privileged object.

Subject:
	Security ID:		DESKTOP-P8HTU4V\User
	Account Name:		User
	Account Domain:		DESKTOP-P8HTU4V
	Logon ID:		0x344C8

Object:
	Object Server:	Security
	Object Type:	Semaphore
	Object Name:	\Sessions\1\BaseNamedObjects\SM0:4592:304:WilStaging_02_p0h
	Object Handle:	0x1b4

Process Information:
	Process ID:	0x11f0
	Process Name:	C:\Windows\System32\notepad.exe

Requested Operation:
	Desired Access:	DELETE
				READ_CONTROL
				WRITE_DAC
				WRITE_OWNER
				SYNCHRONIZE
				Query semaphore state
				Modify semaphore state
				
	Privileges:		SeTakeOwnershipPrivilege"
Information,21/05/2020 14:02,Microsoft-Windows-Security-Auditing,4674,Sensitive Privilege Use,"An operation was attempted on a privileged object.

Subject:
	Security ID:		DESKTOP-P8HTU4V\User
	Account Name:		User
	Account Domain:		DESKTOP-P8HTU4V
	Logon ID:		0x344C8

Object:
	Object Server:	Security
	Object Type:	Semaphore
	Object Name:	\Sessions\1\BaseNamedObjects\SM0:4592:304:WilStaging_02_p0
	Object Handle:	0x1b0

Process Information:
	Process ID:	0x11f0
	Process Name:	C:\Windows\System32\notepad.exe

Requested Operation:
	Desired Access:	DELETE
				READ_CONTROL
				WRITE_DAC
				WRITE_OWNER
				SYNCHRONIZE
				Query semaphore state
				Modify semaphore state
				
	Privileges:		SeTakeOwnershipPrivilege"
Information,21/05/2020 14:02,Microsoft-Windows-Security-Auditing,4674,Sensitive Privilege Use,"An operation was attempted on a privileged object.

Subject:
	Security ID:		DESKTOP-P8HTU4V\User
	Account Name:		User
	Account Domain:		DESKTOP-P8HTU4V
	Logon ID:		0x344C8

Object:
	Object Server:	Security
	Object Type:	-
	Object Name:	-
	Object Handle:	0x1a8

Process Information:
	Process ID:	0x11f0
	Process Name:	C:\Windows\System32\notepad.exe

Requested Operation:
	Desired Access:	2031617
	Privileges:		SeTakeOwnershipPrivilege"
Information,21/05/2020 14:02,Microsoft-Windows-Security-Auditing,4674,Sensitive Privilege Use,"An operation was attempted on a privileged object.

Subject:
	Security ID:		DESKTOP-P8HTU4V\User
	Account Name:		User
	Account Domain:		DESKTOP-P8HTU4V
	Logon ID:		0x344C8

Object:
	Object Server:	Security
	Object Type:	Mutant
	Object Name:	\Sessions\1\BaseNamedObjects\SM0:4592:304:WilStaging_02
	Object Handle:	0x1a8

Process Information:
	Process ID:	0x11f0
	Process Name:	C:\Windows\System32\notepad.exe

Requested Operation:
	Desired Access:	DELETE
				READ_CONTROL
				WRITE_DAC
				WRITE_OWNER
				SYNCHRONIZE
				Query mutant state
				
	Privileges:		SeTakeOwnershipPrivilege"
Information,21/05/2020 14:02,Microsoft-Windows-Security-Auditing,4674,Sensitive Privilege Use,"An operation was attempted on a privileged object.

Subject:
	Security ID:		DESKTOP-P8HTU4V\User
	Account Name:		User
	Account Domain:		DESKTOP-P8HTU4V
	Logon ID:		0x344C8

Object:
	Object Server:	Security
	Object Type:	Semaphore
	Object Name:	\Sessions\1\BaseNamedObjects\SM0:4592:304:WilStaging_02_p0h
	Object Handle:	0x190

Process Information:
	Process ID:	0x11f0
	Process Name:	C:\Windows\System32\notepad.exe

Requested Operation:
	Desired Access:	DELETE
				READ_CONTROL
				WRITE_DAC
				WRITE_OWNER
				SYNCHRONIZE
				Query semaphore state
				Modify semaphore state
				
	Privileges:		SeTakeOwnershipPrivilege"
Information,21/05/2020 14:02,Microsoft-Windows-Security-Auditing,4674,Sensitive Privilege Use,"An operation was attempted on a privileged object.

Subject:
	Security ID:		DESKTOP-P8HTU4V\User
	Account Name:		User
	Account Domain:		DESKTOP-P8HTU4V
	Logon ID:		0x344C8

Object:
	Object Server:	Security
	Object Type:	Semaphore
	Object Name:	\Sessions\1\BaseNamedObjects\SM0:4592:304:WilStaging_02_p0
	Object Handle:	0x188

Process Information:
	Process ID:	0x11f0
	Process Name:	C:\Windows\System32\notepad.exe

Requested Operation:
	Desired Access:	DELETE
				READ_CONTROL
				WRITE_DAC
				WRITE_OWNER
				SYNCHRONIZE
				Query semaphore state
				Modify semaphore state
				
	Privileges:		SeTakeOwnershipPrivilege"
Information,21/05/2020 14:02,Microsoft-Windows-Security-Auditing,4674,Sensitive Privilege Use,"An operation was attempted on a privileged object.

Subject:
	Security ID:		DESKTOP-P8HTU4V\User
	Account Name:		User
	Account Domain:		DESKTOP-P8HTU4V
	Logon ID:		0x344C8

Object:
	Object Server:	Security
	Object Type:	-
	Object Name:	-
	Object Handle:	0x18c

Process Information:
	Process ID:	0x11f0
	Process Name:	C:\Windows\System32\notepad.exe

Requested Operation:
	Desired Access:	2031617
	Privileges:		SeTakeOwnershipPrivilege"
Information,21/05/2020 14:02,Microsoft-Windows-Security-Auditing,4674,Sensitive Privilege Use,"An operation was attempted on a privileged object.

Subject:
	Security ID:		DESKTOP-P8HTU4V\User
	Account Name:		User
	Account Domain:		DESKTOP-P8HTU4V
	Logon ID:		0x344C8

Object:
	Object Server:	Security
	Object Type:	Mutant
	Object Name:	\Sessions\1\BaseNamedObjects\SM0:4592:304:WilStaging_02
	Object Handle:	0x18c

Process Information:
	Process ID:	0x11f0
	Process Name:	C:\Windows\System32\notepad.exe

Requested Operation:
	Desired Access:	DELETE
				READ_CONTROL
				WRITE_DAC
				WRITE_OWNER
				SYNCHRONIZE
				Query mutant state
				
	Privileges:		SeTakeOwnershipPrivilege"
Information,21/05/2020 14:02,Microsoft-Windows-Security-Auditing,4674,Sensitive Privilege Use,"An operation was attempted on a privileged object.

Subject:
	Security ID:		DESKTOP-P8HTU4V\User
	Account Name:		User
	Account Domain:		DESKTOP-P8HTU4V
	Logon ID:		0x344C8

Object:
	Object Server:	Security
	Object Type:	Semaphore
	Object Name:	\Sessions\1\BaseNamedObjects\SM0:4592:304:WilStaging_02_p0h
	Object Handle:	0x170

Process Information:
	Process ID:	0x11f0
	Process Name:	C:\Windows\System32\notepad.exe

Requested Operation:
	Desired Access:	DELETE
				READ_CONTROL
				WRITE_DAC
				WRITE_OWNER
				SYNCHRONIZE
				Query semaphore state
				Modify semaphore state
				
	Privileges:		SeTakeOwnershipPrivilege"
Information,21/05/2020 14:02,Microsoft-Windows-Security-Auditing,4674,Sensitive Privilege Use,"An operation was attempted on a privileged object.

Subject:
	Security ID:		DESKTOP-P8HTU4V\User
	Account Name:		User
	Account Domain:		DESKTOP-P8HTU4V
	Logon ID:		0x344C8

Object:
	Object Server:	Security
	Object Type:	Semaphore
	Object Name:	\Sessions\1\BaseNamedObjects\SM0:4592:304:WilStaging_02_p0
	Object Handle:	0x16c

Process Information:
	Process ID:	0x11f0
	Process Name:	C:\Windows\System32\notepad.exe

Requested Operation:
	Desired Access:	DELETE
				READ_CONTROL
				WRITE_DAC
				WRITE_OWNER
				SYNCHRONIZE
				Query semaphore state
				Modify semaphore state
				
	Privileges:		SeTakeOwnershipPrivilege"
Information,21/05/2020 14:02,Microsoft-Windows-Security-Auditing,4674,Sensitive Privilege Use,"An operation was attempted on a privileged object.

Subject:
	Security ID:		DESKTOP-P8HTU4V\User
	Account Name:		User
	Account Domain:		DESKTOP-P8HTU4V
	Logon ID:		0x344C8

Object:
	Object Server:	Security
	Object Type:	-
	Object Name:	-
	Object Handle:	0x164

Process Information:
	Process ID:	0x11f0
	Process Name:	C:\Windows\System32\notepad.exe

Requested Operation:
	Desired Access:	2031617
	Privileges:		SeTakeOwnershipPrivilege"
Information,21/05/2020 14:02,Microsoft-Windows-Security-Auditing,4674,Sensitive Privilege Use,"An operation was attempted on a privileged object.

Subject:
	Security ID:		DESKTOP-P8HTU4V\User
	Account Name:		User
	Account Domain:		DESKTOP-P8HTU4V
	Logon ID:		0x344C8

Object:
	Object Server:	Security
	Object Type:	Mutant
	Object Name:	\Sessions\1\BaseNamedObjects\SM0:4592:304:WilStaging_02
	Object Handle:	0x164

Process Information:
	Process ID:	0x11f0
	Process Name:	C:\Windows\System32\notepad.exe

Requested Operation:
	Desired Access:	DELETE
				READ_CONTROL
				WRITE_DAC
				WRITE_OWNER
				SYNCHRONIZE
				Query mutant state
				
	Privileges:		SeTakeOwnershipPrivilege"
Information,21/05/2020 14:02,Microsoft-Windows-Security-Auditing,4688,Process Creation,"A new process has been created.

Creator Subject:
	Security ID:		NETWORK SERVICE
	Account Name:		DESKTOP-P8HTU4V$
	Account Domain:		WORKGROUP
	Logon ID:		0x3E4

Target Subject:
	Security ID:		NULL SID
	Account Name:		User
	Account Domain:		DESKTOP-P8HTU4V
	Logon ID:		0x344C8

Process Information:
	New Process ID:		0x11f0
	New Process Name:	C:\Windows\System32\notepad.exe
	Token Elevation Type:	%%1936
	Mandatory Label:		Mandatory Label\High Mandatory Level
	Creator Process ID:	0x76c
	Creator Process Name:	C:\Windows\System32\wbem\WmiPrvSE.exe
	Process Command Line:	

Token Elevation Type indicates the type of token that was assigned to the new process in accordance with User Account Control policy.

Type 1 is a full token with no privileges removed or groups disabled.  A full token is only used if User Account Control is disabled or if the user is the built-in Administrator account or a service account.

Type 2 is an elevated token with no privileges removed or groups disabled.  An elevated token is used when User Account Control is enabled and the user chooses to start the program using Run as administrator.  An elevated token is also used when an application is configured to always require administrative privilege or to always require maximum privilege, and the user is a member of the Administrators group.

Type 3 is a limited token with administrative privileges removed and administrative groups disabled.  The limited token is used when User Account Control is enabled, the application does not require administrative privilege, and the user does not choose to start the program using Run as administrator."
Information,21/05/2020 14:02,Microsoft-Windows-Security-Auditing,4674,Sensitive Privilege Use,"An operation was attempted on a privileged object.

Subject:
	Security ID:		DESKTOP-P8HTU4V\User
	Account Name:		User
	Account Domain:		DESKTOP-P8HTU4V
	Logon ID:		0x344C8

Object:
	Object Server:	Security
	Object Type:	-
	Object Name:	-
	Object Handle:	0x48c

Process Information:
	Process ID:	0x76c
	Process Name:	C:\Windows\System32\wbem\WmiPrvSE.exe

Requested Operation:
	Desired Access:	983103
	Privileges:		SeTakeOwnershipPrivilege"
Information,21/05/2020 14:02,Microsoft-Windows-Security-Auditing,4674,Sensitive Privilege Use,"An operation was attempted on a privileged object.

Subject:
	Security ID:		DESKTOP-P8HTU4V\User
	Account Name:		User
	Account Domain:		DESKTOP-P8HTU4V
	Logon ID:		0x344C8

Object:
	Object Server:	Security
	Object Type:	Key
	Object Name:	\REGISTRY\USER\S-1-5-21-887719237-3143055800-1059174887-1001\Software\Microsoft\Windows\CurrentVersion\Explorer\User Shell Folders
	Object Handle:	0x48c

Process Information:
	Process ID:	0x76c
	Process Name:	C:\Windows\System32\wbem\WmiPrvSE.exe

Requested Operation:
	Desired Access:	DELETE
				READ_CONTROL
				WRITE_DAC
				WRITE_OWNER
				Query key value
				Set key value
				Create sub-key
				Enumerate sub-keys
				Notify about changes to keys
				Create Link
				
	Privileges:		SeTakeOwnershipPrivilege"
Information,21/05/2020 14:02,Microsoft-Windows-Security-Auditing,4674,Sensitive Privilege Use,"An operation was attempted on a privileged object.

Subject:
	Security ID:		DESKTOP-P8HTU4V\User
	Account Name:		User
	Account Domain:		DESKTOP-P8HTU4V
	Logon ID:		0x344C8

Object:
	Object Server:	Security
	Object Type:	-
	Object Name:	-
	Object Handle:	0x49c

Process Information:
	Process ID:	0x76c
	Process Name:	C:\Windows\System32\wbem\WmiPrvSE.exe

Requested Operation:
	Desired Access:	983103
	Privileges:		SeTakeOwnershipPrivilege"
Information,21/05/2020 14:02,Microsoft-Windows-Security-Auditing,4674,Sensitive Privilege Use,"An operation was attempted on a privileged object.

Subject:
	Security ID:		DESKTOP-P8HTU4V\User
	Account Name:		User
	Account Domain:		DESKTOP-P8HTU4V
	Logon ID:		0x344C8

Object:
	Object Server:	Security
	Object Type:	Key
	Object Name:	\REGISTRY\USER\S-1-5-21-887719237-3143055800-1059174887-1001\Software\Microsoft\Windows\CurrentVersion\Explorer\User Shell Folders
	Object Handle:	0x49c

Process Information:
	Process ID:	0x76c
	Process Name:	C:\Windows\System32\wbem\WmiPrvSE.exe

Requested Operation:
	Desired Access:	DELETE
				READ_CONTROL
				WRITE_DAC
				WRITE_OWNER
				Query key value
				Set key value
				Create sub-key
				Enumerate sub-keys
				Notify about changes to keys
				Create Link
				
	Privileges:		SeTakeOwnershipPrivilege"
Information,21/05/2020 14:02,Microsoft-Windows-Security-Auditing,4674,Sensitive Privilege Use,"An operation was attempted on a privileged object.

Subject:
	Security ID:		DESKTOP-P8HTU4V\User
	Account Name:		User
	Account Domain:		DESKTOP-P8HTU4V
	Logon ID:		0x344C8

Object:
	Object Server:	Security
	Object Type:	-
	Object Name:	-
	Object Handle:	0x3d4

Process Information:
	Process ID:	0x12dc
	Process Name:	C:\Windows\System32\wbem\WMIC.exe

Requested Operation:
	Desired Access:	983103
	Privileges:		SeTakeOwnershipPrivilege"
Information,21/05/2020 14:02,Microsoft-Windows-Security-Auditing,4674,Sensitive Privilege Use,"An operation was attempted on a privileged object.

Subject:
	Security ID:		DESKTOP-P8HTU4V\User
	Account Name:		User
	Account Domain:		DESKTOP-P8HTU4V
	Logon ID:		0x344C8

Object:
	Object Server:	Security
	Object Type:	Key
	Object Name:	\REGISTRY\MACHINE\SYSTEM\ControlSet001\Services\WinSock2\Parameters
	Object Handle:	0x3d4

Process Information:
	Process ID:	0x12dc
	Process Name:	C:\Windows\System32\wbem\WMIC.exe

Requested Operation:
	Desired Access:	DELETE
				READ_CONTROL
				WRITE_DAC
				WRITE_OWNER
				Query key value
				Set key value
				Create sub-key
				Enumerate sub-keys
				Notify about changes to keys
				Create Link
				
	Privileges:		SeTakeOwnershipPrivilege"
Information,21/05/2020 14:02,Microsoft-Windows-Security-Auditing,4674,Sensitive Privilege Use,"An operation was attempted on a privileged object.

Subject:
	Security ID:		DESKTOP-P8HTU4V\User
	Account Name:		User
	Account Domain:		DESKTOP-P8HTU4V
	Logon ID:		0x344C8

Object:
	Object Server:	Security
	Object Type:	-
	Object Name:	-
	Object Handle:	0x310

Process Information:
	Process ID:	0x12dc
	Process Name:	C:\Windows\System32\wbem\WMIC.exe

Requested Operation:
	Desired Access:	983103
	Privileges:		SeTakeOwnershipPrivilege"
Information,21/05/2020 14:02,Microsoft-Windows-Security-Auditing,4674,Sensitive Privilege Use,"An operation was attempted on a privileged object.

Subject:
	Security ID:		DESKTOP-P8HTU4V\User
	Account Name:		User
	Account Domain:		DESKTOP-P8HTU4V
	Logon ID:		0x344C8

Object:
	Object Server:	Security
	Object Type:	Key
	Object Name:	\REGISTRY\MACHINE\SYSTEM\ControlSet001\Services\WinSock2\Parameters
	Object Handle:	0x310

Process Information:
	Process ID:	0x12dc
	Process Name:	C:\Windows\System32\wbem\WMIC.exe

Requested Operation:
	Desired Access:	DELETE
				READ_CONTROL
				WRITE_DAC
				WRITE_OWNER
				Query key value
				Set key value
				Create sub-key
				Enumerate sub-keys
				Notify about changes to keys
				Create Link
				
	Privileges:		SeTakeOwnershipPrivilege"
Information,21/05/2020 14:02,Microsoft-Windows-Security-Auditing,4674,Sensitive Privilege Use,"An operation was attempted on a privileged object.

Subject:
	Security ID:		DESKTOP-P8HTU4V\User
	Account Name:		User
	Account Domain:		DESKTOP-P8HTU4V
	Logon ID:		0x344C8

Object:
	Object Server:	Security
	Object Type:	Semaphore
	Object Name:	\Sessions\1\BaseNamedObjects\SM0:4828:304:WilStaging_02_p0h
	Object Handle:	0x304

Process Information:
	Process ID:	0x12dc
	Process Name:	C:\Windows\System32\wbem\WMIC.exe

Requested Operation:
	Desired Access:	DELETE
				READ_CONTROL
				WRITE_DAC
				WRITE_OWNER
				SYNCHRONIZE
				Query semaphore state
				Modify semaphore state
				
	Privileges:		SeTakeOwnershipPrivilege"
Information,21/05/2020 14:02,Microsoft-Windows-Security-Auditing,4674,Sensitive Privilege Use,"An operation was attempted on a privileged object.

Subject:
	Security ID:		DESKTOP-P8HTU4V\User
	Account Name:		User
	Account Domain:		DESKTOP-P8HTU4V
	Logon ID:		0x344C8

Object:
	Object Server:	Security
	Object Type:	Semaphore
	Object Name:	\Sessions\1\BaseNamedObjects\SM0:4828:304:WilStaging_02_p0
	Object Handle:	0x300

Process Information:
	Process ID:	0x12dc
	Process Name:	C:\Windows\System32\wbem\WMIC.exe

Requested Operation:
	Desired Access:	DELETE
				READ_CONTROL
				WRITE_DAC
				WRITE_OWNER
				SYNCHRONIZE
				Query semaphore state
				Modify semaphore state
				
	Privileges:		SeTakeOwnershipPrivilege"
Information,21/05/2020 14:02,Microsoft-Windows-Security-Auditing,4674,Sensitive Privilege Use,"An operation was attempted on a privileged object.

Subject:
	Security ID:		DESKTOP-P8HTU4V\User
	Account Name:		User
	Account Domain:		DESKTOP-P8HTU4V
	Logon ID:		0x344C8

Object:
	Object Server:	Security
	Object Type:	-
	Object Name:	-
	Object Handle:	0x2fc

Process Information:
	Process ID:	0x12dc
	Process Name:	C:\Windows\System32\wbem\WMIC.exe

Requested Operation:
	Desired Access:	2031617
	Privileges:		SeTakeOwnershipPrivilege"
Information,21/05/2020 14:02,Microsoft-Windows-Security-Auditing,4674,Sensitive Privilege Use,"An operation was attempted on a privileged object.

Subject:
	Security ID:		DESKTOP-P8HTU4V\User
	Account Name:		User
	Account Domain:		DESKTOP-P8HTU4V
	Logon ID:		0x344C8

Object:
	Object Server:	Security
	Object Type:	Mutant
	Object Name:	\Sessions\1\BaseNamedObjects\SM0:4828:304:WilStaging_02
	Object Handle:	0x2fc

Process Information:
	Process ID:	0x12dc
	Process Name:	C:\Windows\System32\wbem\WMIC.exe

Requested Operation:
	Desired Access:	DELETE
				READ_CONTROL
				WRITE_DAC
				WRITE_OWNER
				SYNCHRONIZE
				Query mutant state
				
	Privileges:		SeTakeOwnershipPrivilege"
Information,21/05/2020 14:02,Microsoft-Windows-Security-Auditing,4688,Process Creation,"A new process has been created.

Creator Subject:
	Security ID:		DESKTOP-P8HTU4V\User
	Account Name:		User
	Account Domain:		DESKTOP-P8HTU4V
	Logon ID:		0x344C8

Target Subject:
	Security ID:		NULL SID
	Account Name:		-
	Account Domain:		-
	Logon ID:		0x0

Process Information:
	New Process ID:		0x12dc
	New Process Name:	C:\Windows\System32\wbem\WMIC.exe
	Token Elevation Type:	%%1936
	Mandatory Label:		Mandatory Label\High Mandatory Level
	Creator Process ID:	0xf64
	Creator Process Name:	C:\Windows\System32\cmd.exe
	Process Command Line:	

Token Elevation Type indicates the type of token that was assigned to the new process in accordance with User Account Control policy.

Type 1 is a full token with no privileges removed or groups disabled.  A full token is only used if User Account Control is disabled or if the user is the built-in Administrator account or a service account.

Type 2 is an elevated token with no privileges removed or groups disabled.  An elevated token is used when User Account Control is enabled and the user chooses to start the program using Run as administrator.  An elevated token is also used when an application is configured to always require administrative privilege or to always require maximum privilege, and the user is a member of the Administrators group.

Type 3 is a limited token with administrative privileges removed and administrative groups disabled.  The limited token is used when User Account Control is enabled, the application does not require administrative privilege, and the user does not choose to start the program using Run as administrator."
Information,21/05/2020 14:02,Microsoft-Windows-Security-Auditing,4688,Process Creation,"A new process has been created.

Creator Subject:
	Security ID:		DESKTOP-P8HTU4V\User
	Account Name:		User
	Account Domain:		DESKTOP-P8HTU4V
	Logon ID:		0x344C8

Target Subject:
	Security ID:		NULL SID
	Account Name:		-
	Account Domain:		-
	Logon ID:		0x0

Process Information:
	New Process ID:		0xf64
	New Process Name:	C:\Windows\System32\cmd.exe
	Token Elevation Type:	%%1936
	Mandatory Label:		Mandatory Label\High Mandatory Level
	Creator Process ID:	0x122c
	Creator Process Name:	C:\Windows\System32\WindowsPowerShell\v1.0\powershell.exe
	Process Command Line:	

Token Elevation Type indicates the type of token that was assigned to the new process in accordance with User Account Control policy.

Type 1 is a full token with no privileges removed or groups disabled.  A full token is only used if User Account Control is disabled or if the user is the built-in Administrator account or a service account.

Type 2 is an elevated token with no privileges removed or groups disabled.  An elevated token is used when User Account Control is enabled and the user chooses to start the program using Run as administrator.  An elevated token is also used when an application is configured to always require administrative privilege or to always require maximum privilege, and the user is a member of the Administrators group.

Type 3 is a limited token with administrative privileges removed and administrative groups disabled.  The limited token is used when User Account Control is enabled, the application does not require administrative privilege, and the user does not choose to start the program using Run as administrator."
Information,21/05/2020 14:02,Microsoft-Windows-Security-Auditing,4674,Sensitive Privilege Use,"An operation was attempted on a privileged object.

Subject:
	Security ID:		DESKTOP-P8HTU4V\User
	Account Name:		User
	Account Domain:		DESKTOP-P8HTU4V
	Logon ID:		0x344C8

Object:
	Object Server:	Security
	Object Type:	Semaphore
	Object Name:	\Sessions\1\BaseNamedObjects\SM0:3160:304:WilStaging_02_p0h
	Object Handle:	0x30c

Process Information:
	Process ID:	0xc58
	Process Name:	C:\Windows\System32\notepad.exe

Requested Operation:
	Desired Access:	DELETE
				READ_CONTROL
				WRITE_DAC
				WRITE_OWNER
				SYNCHRONIZE
				Query semaphore state
				Modify semaphore state
				
	Privileges:		SeTakeOwnershipPrivilege"
Information,21/05/2020 14:02,Microsoft-Windows-Security-Auditing,4674,Sensitive Privilege Use,"An operation was attempted on a privileged object.

Subject:
	Security ID:		DESKTOP-P8HTU4V\User
	Account Name:		User
	Account Domain:		DESKTOP-P8HTU4V
	Logon ID:		0x344C8

Object:
	Object Server:	Security
	Object Type:	Semaphore
	Object Name:	\Sessions\1\BaseNamedObjects\SM0:3160:304:WilStaging_02_p0
	Object Handle:	0x308

Process Information:
	Process ID:	0xc58
	Process Name:	C:\Windows\System32\notepad.exe

Requested Operation:
	Desired Access:	DELETE
				READ_CONTROL
				WRITE_DAC
				WRITE_OWNER
				SYNCHRONIZE
				Query semaphore state
				Modify semaphore state
				
	Privileges:		SeTakeOwnershipPrivilege"
Information,21/05/2020 14:02,Microsoft-Windows-Security-Auditing,4674,Sensitive Privilege Use,"An operation was attempted on a privileged object.

Subject:
	Security ID:		DESKTOP-P8HTU4V\User
	Account Name:		User
	Account Domain:		DESKTOP-P8HTU4V
	Logon ID:		0x344C8

Object:
	Object Server:	Security
	Object Type:	-
	Object Name:	-
	Object Handle:	0x304

Process Information:
	Process ID:	0xc58
	Process Name:	C:\Windows\System32\notepad.exe

Requested Operation:
	Desired Access:	2031617
	Privileges:		SeTakeOwnershipPrivilege"
Information,21/05/2020 14:02,Microsoft-Windows-Security-Auditing,4674,Sensitive Privilege Use,"An operation was attempted on a privileged object.

Subject:
	Security ID:		DESKTOP-P8HTU4V\User
	Account Name:		User
	Account Domain:		DESKTOP-P8HTU4V
	Logon ID:		0x344C8

Object:
	Object Server:	Security
	Object Type:	Mutant
	Object Name:	\Sessions\1\BaseNamedObjects\SM0:3160:304:WilStaging_02
	Object Handle:	0x304

Process Information:
	Process ID:	0xc58
	Process Name:	C:\Windows\System32\notepad.exe

Requested Operation:
	Desired Access:	DELETE
				READ_CONTROL
				WRITE_DAC
				WRITE_OWNER
				SYNCHRONIZE
				Query mutant state
				
	Privileges:		SeTakeOwnershipPrivilege"
Information,21/05/2020 14:02,Microsoft-Windows-Security-Auditing,4674,Sensitive Privilege Use,"An operation was attempted on a privileged object.

Subject:
	Security ID:		DESKTOP-P8HTU4V\User
	Account Name:		User
	Account Domain:		DESKTOP-P8HTU4V
	Logon ID:		0x344C8

Object:
	Object Server:	Security
	Object Type:	Semaphore
	Object Name:	\Sessions\1\BaseNamedObjects\SM0:3160:120:WilError_02_p0h
	Object Handle:	0x2f8

Process Information:
	Process ID:	0xc58
	Process Name:	C:\Windows\System32\notepad.exe

Requested Operation:
	Desired Access:	DELETE
				READ_CONTROL
				WRITE_DAC
				WRITE_OWNER
				SYNCHRONIZE
				Query semaphore state
				Modify semaphore state
				
	Privileges:		SeTakeOwnershipPrivilege"
Information,21/05/2020 14:02,Microsoft-Windows-Security-Auditing,4674,Sensitive Privilege Use,"An operation was attempted on a privileged object.

Subject:
	Security ID:		DESKTOP-P8HTU4V\User
	Account Name:		User
	Account Domain:		DESKTOP-P8HTU4V
	Logon ID:		0x344C8

Object:
	Object Server:	Security
	Object Type:	Semaphore
	Object Name:	\Sessions\1\BaseNamedObjects\SM0:3160:120:WilError_02_p0
	Object Handle:	0x2f4

Process Information:
	Process ID:	0xc58
	Process Name:	C:\Windows\System32\notepad.exe

Requested Operation:
	Desired Access:	DELETE
				READ_CONTROL
				WRITE_DAC
				WRITE_OWNER
				SYNCHRONIZE
				Query semaphore state
				Modify semaphore state
				
	Privileges:		SeTakeOwnershipPrivilege"
Information,21/05/2020 14:02,Microsoft-Windows-Security-Auditing,4674,Sensitive Privilege Use,"An operation was attempted on a privileged object.

Subject:
	Security ID:		DESKTOP-P8HTU4V\User
	Account Name:		User
	Account Domain:		DESKTOP-P8HTU4V
	Logon ID:		0x344C8

Object:
	Object Server:	Security
	Object Type:	-
	Object Name:	-
	Object Handle:	0x2f0

Process Information:
	Process ID:	0xc58
	Process Name:	C:\Windows\System32\notepad.exe

Requested Operation:
	Desired Access:	2031617
	Privileges:		SeTakeOwnershipPrivilege"
Information,21/05/2020 14:02,Microsoft-Windows-Security-Auditing,4674,Sensitive Privilege Use,"An operation was attempted on a privileged object.

Subject:
	Security ID:		DESKTOP-P8HTU4V\User
	Account Name:		User
	Account Domain:		DESKTOP-P8HTU4V
	Logon ID:		0x344C8

Object:
	Object Server:	Security
	Object Type:	Mutant
	Object Name:	\Sessions\1\BaseNamedObjects\SM0:3160:120:WilError_02
	Object Handle:	0x2f0

Process Information:
	Process ID:	0xc58
	Process Name:	C:\Windows\System32\notepad.exe

Requested Operation:
	Desired Access:	DELETE
				READ_CONTROL
				WRITE_DAC
				WRITE_OWNER
				SYNCHRONIZE
				Query mutant state
				
	Privileges:		SeTakeOwnershipPrivilege"
Information,21/05/2020 14:02,Microsoft-Windows-Security-Auditing,4674,Sensitive Privilege Use,"An operation was attempted on a privileged object.

Subject:
	Security ID:		DESKTOP-P8HTU4V\User
	Account Name:		User
	Account Domain:		DESKTOP-P8HTU4V
	Logon ID:		0x344C8

Object:
	Object Server:	Security
	Object Type:	Semaphore
	Object Name:	\Sessions\1\BaseNamedObjects\SM0:3160:304:WilStaging_02_p0h
	Object Handle:	0x1b4

Process Information:
	Process ID:	0xc58
	Process Name:	C:\Windows\System32\notepad.exe

Requested Operation:
	Desired Access:	DELETE
				READ_CONTROL
				WRITE_DAC
				WRITE_OWNER
				SYNCHRONIZE
				Query semaphore state
				Modify semaphore state
				
	Privileges:		SeTakeOwnershipPrivilege"
Information,21/05/2020 14:02,Microsoft-Windows-Security-Auditing,4674,Sensitive Privilege Use,"An operation was attempted on a privileged object.

Subject:
	Security ID:		DESKTOP-P8HTU4V\User
	Account Name:		User
	Account Domain:		DESKTOP-P8HTU4V
	Logon ID:		0x344C8

Object:
	Object Server:	Security
	Object Type:	Semaphore
	Object Name:	\Sessions\1\BaseNamedObjects\SM0:3160:304:WilStaging_02_p0
	Object Handle:	0x1b0

Process Information:
	Process ID:	0xc58
	Process Name:	C:\Windows\System32\notepad.exe

Requested Operation:
	Desired Access:	DELETE
				READ_CONTROL
				WRITE_DAC
				WRITE_OWNER
				SYNCHRONIZE
				Query semaphore state
				Modify semaphore state
				
	Privileges:		SeTakeOwnershipPrivilege"
Information,21/05/2020 14:02,Microsoft-Windows-Security-Auditing,4674,Sensitive Privilege Use,"An operation was attempted on a privileged object.

Subject:
	Security ID:		DESKTOP-P8HTU4V\User
	Account Name:		User
	Account Domain:		DESKTOP-P8HTU4V
	Logon ID:		0x344C8

Object:
	Object Server:	Security
	Object Type:	-
	Object Name:	-
	Object Handle:	0x1a8

Process Information:
	Process ID:	0xc58
	Process Name:	C:\Windows\System32\notepad.exe

Requested Operation:
	Desired Access:	2031617
	Privileges:		SeTakeOwnershipPrivilege"
Information,21/05/2020 14:02,Microsoft-Windows-Security-Auditing,4674,Sensitive Privilege Use,"An operation was attempted on a privileged object.

Subject:
	Security ID:		DESKTOP-P8HTU4V\User
	Account Name:		User
	Account Domain:		DESKTOP-P8HTU4V
	Logon ID:		0x344C8

Object:
	Object Server:	Security
	Object Type:	Mutant
	Object Name:	\Sessions\1\BaseNamedObjects\SM0:3160:304:WilStaging_02
	Object Handle:	0x1a8

Process Information:
	Process ID:	0xc58
	Process Name:	C:\Windows\System32\notepad.exe

Requested Operation:
	Desired Access:	DELETE
				READ_CONTROL
				WRITE_DAC
				WRITE_OWNER
				SYNCHRONIZE
				Query mutant state
				
	Privileges:		SeTakeOwnershipPrivilege"
Information,21/05/2020 14:02,Microsoft-Windows-Security-Auditing,4674,Sensitive Privilege Use,"An operation was attempted on a privileged object.

Subject:
	Security ID:		DESKTOP-P8HTU4V\User
	Account Name:		User
	Account Domain:		DESKTOP-P8HTU4V
	Logon ID:		0x344C8

Object:
	Object Server:	Security
	Object Type:	Semaphore
	Object Name:	\Sessions\1\BaseNamedObjects\SM0:3160:304:WilStaging_02_p0h
	Object Handle:	0x190

Process Information:
	Process ID:	0xc58
	Process Name:	C:\Windows\System32\notepad.exe

Requested Operation:
	Desired Access:	DELETE
				READ_CONTROL
				WRITE_DAC
				WRITE_OWNER
				SYNCHRONIZE
				Query semaphore state
				Modify semaphore state
				
	Privileges:		SeTakeOwnershipPrivilege"
Information,21/05/2020 14:02,Microsoft-Windows-Security-Auditing,4674,Sensitive Privilege Use,"An operation was attempted on a privileged object.

Subject:
	Security ID:		DESKTOP-P8HTU4V\User
	Account Name:		User
	Account Domain:		DESKTOP-P8HTU4V
	Logon ID:		0x344C8

Object:
	Object Server:	Security
	Object Type:	Semaphore
	Object Name:	\Sessions\1\BaseNamedObjects\SM0:3160:304:WilStaging_02_p0
	Object Handle:	0x188

Process Information:
	Process ID:	0xc58
	Process Name:	C:\Windows\System32\notepad.exe

Requested Operation:
	Desired Access:	DELETE
				READ_CONTROL
				WRITE_DAC
				WRITE_OWNER
				SYNCHRONIZE
				Query semaphore state
				Modify semaphore state
				
	Privileges:		SeTakeOwnershipPrivilege"
Information,21/05/2020 14:02,Microsoft-Windows-Security-Auditing,4674,Sensitive Privilege Use,"An operation was attempted on a privileged object.

Subject:
	Security ID:		DESKTOP-P8HTU4V\User
	Account Name:		User
	Account Domain:		DESKTOP-P8HTU4V
	Logon ID:		0x344C8

Object:
	Object Server:	Security
	Object Type:	-
	Object Name:	-
	Object Handle:	0x18c

Process Information:
	Process ID:	0xc58
	Process Name:	C:\Windows\System32\notepad.exe

Requested Operation:
	Desired Access:	2031617
	Privileges:		SeTakeOwnershipPrivilege"
Information,21/05/2020 14:02,Microsoft-Windows-Security-Auditing,4674,Sensitive Privilege Use,"An operation was attempted on a privileged object.

Subject:
	Security ID:		DESKTOP-P8HTU4V\User
	Account Name:		User
	Account Domain:		DESKTOP-P8HTU4V
	Logon ID:		0x344C8

Object:
	Object Server:	Security
	Object Type:	Mutant
	Object Name:	\Sessions\1\BaseNamedObjects\SM0:3160:304:WilStaging_02
	Object Handle:	0x18c

Process Information:
	Process ID:	0xc58
	Process Name:	C:\Windows\System32\notepad.exe

Requested Operation:
	Desired Access:	DELETE
				READ_CONTROL
				WRITE_DAC
				WRITE_OWNER
				SYNCHRONIZE
				Query mutant state
				
	Privileges:		SeTakeOwnershipPrivilege"
Information,21/05/2020 14:02,Microsoft-Windows-Security-Auditing,4674,Sensitive Privilege Use,"An operation was attempted on a privileged object.

Subject:
	Security ID:		DESKTOP-P8HTU4V\User
	Account Name:		User
	Account Domain:		DESKTOP-P8HTU4V
	Logon ID:		0x344C8

Object:
	Object Server:	Security
	Object Type:	Semaphore
	Object Name:	\Sessions\1\BaseNamedObjects\SM0:3160:304:WilStaging_02_p0h
	Object Handle:	0x170

Process Information:
	Process ID:	0xc58
	Process Name:	C:\Windows\System32\notepad.exe

Requested Operation:
	Desired Access:	DELETE
				READ_CONTROL
				WRITE_DAC
				WRITE_OWNER
				SYNCHRONIZE
				Query semaphore state
				Modify semaphore state
				
	Privileges:		SeTakeOwnershipPrivilege"
Information,21/05/2020 14:02,Microsoft-Windows-Security-Auditing,4674,Sensitive Privilege Use,"An operation was attempted on a privileged object.

Subject:
	Security ID:		DESKTOP-P8HTU4V\User
	Account Name:		User
	Account Domain:		DESKTOP-P8HTU4V
	Logon ID:		0x344C8

Object:
	Object Server:	Security
	Object Type:	Semaphore
	Object Name:	\Sessions\1\BaseNamedObjects\SM0:3160:304:WilStaging_02_p0
	Object Handle:	0x16c

Process Information:
	Process ID:	0xc58
	Process Name:	C:\Windows\System32\notepad.exe

Requested Operation:
	Desired Access:	DELETE
				READ_CONTROL
				WRITE_DAC
				WRITE_OWNER
				SYNCHRONIZE
				Query semaphore state
				Modify semaphore state
				
	Privileges:		SeTakeOwnershipPrivilege"
Information,21/05/2020 14:02,Microsoft-Windows-Security-Auditing,4674,Sensitive Privilege Use,"An operation was attempted on a privileged object.

Subject:
	Security ID:		DESKTOP-P8HTU4V\User
	Account Name:		User
	Account Domain:		DESKTOP-P8HTU4V
	Logon ID:		0x344C8

Object:
	Object Server:	Security
	Object Type:	-
	Object Name:	-
	Object Handle:	0x164

Process Information:
	Process ID:	0xc58
	Process Name:	C:\Windows\System32\notepad.exe

Requested Operation:
	Desired Access:	2031617
	Privileges:		SeTakeOwnershipPrivilege"
Information,21/05/2020 14:02,Microsoft-Windows-Security-Auditing,4674,Sensitive Privilege Use,"An operation was attempted on a privileged object.

Subject:
	Security ID:		DESKTOP-P8HTU4V\User
	Account Name:		User
	Account Domain:		DESKTOP-P8HTU4V
	Logon ID:		0x344C8

Object:
	Object Server:	Security
	Object Type:	Mutant
	Object Name:	\Sessions\1\BaseNamedObjects\SM0:3160:304:WilStaging_02
	Object Handle:	0x164

Process Information:
	Process ID:	0xc58
	Process Name:	C:\Windows\System32\notepad.exe

Requested Operation:
	Desired Access:	DELETE
				READ_CONTROL
				WRITE_DAC
				WRITE_OWNER
				SYNCHRONIZE
				Query mutant state
				
	Privileges:		SeTakeOwnershipPrivilege"
Information,21/05/2020 14:02,Microsoft-Windows-Security-Auditing,4688,Process Creation,"A new process has been created.

Creator Subject:
	Security ID:		NETWORK SERVICE
	Account Name:		DESKTOP-P8HTU4V$
	Account Domain:		WORKGROUP
	Logon ID:		0x3E4

Target Subject:
	Security ID:		NULL SID
	Account Name:		User
	Account Domain:		DESKTOP-P8HTU4V
	Logon ID:		0x344C8

Process Information:
	New Process ID:		0xc58
	New Process Name:	C:\Windows\System32\notepad.exe
	Token Elevation Type:	%%1936
	Mandatory Label:		Mandatory Label\High Mandatory Level
	Creator Process ID:	0x76c
	Creator Process Name:	C:\Windows\System32\wbem\WmiPrvSE.exe
	Process Command Line:	

Token Elevation Type indicates the type of token that was assigned to the new process in accordance with User Account Control policy.

Type 1 is a full token with no privileges removed or groups disabled.  A full token is only used if User Account Control is disabled or if the user is the built-in Administrator account or a service account.

Type 2 is an elevated token with no privileges removed or groups disabled.  An elevated token is used when User Account Control is enabled and the user chooses to start the program using Run as administrator.  An elevated token is also used when an application is configured to always require administrative privilege or to always require maximum privilege, and the user is a member of the Administrators group.

Type 3 is a limited token with administrative privileges removed and administrative groups disabled.  The limited token is used when User Account Control is enabled, the application does not require administrative privilege, and the user does not choose to start the program using Run as administrator."
Information,21/05/2020 14:02,Microsoft-Windows-Security-Auditing,4674,Sensitive Privilege Use,"An operation was attempted on a privileged object.

Subject:
	Security ID:		DESKTOP-P8HTU4V\User
	Account Name:		User
	Account Domain:		DESKTOP-P8HTU4V
	Logon ID:		0x344C8

Object:
	Object Server:	Security
	Object Type:	-
	Object Name:	-
	Object Handle:	0x484

Process Information:
	Process ID:	0x76c
	Process Name:	C:\Windows\System32\wbem\WmiPrvSE.exe

Requested Operation:
	Desired Access:	983103
	Privileges:		SeTakeOwnershipPrivilege"
Information,21/05/2020 14:02,Microsoft-Windows-Security-Auditing,4674,Sensitive Privilege Use,"An operation was attempted on a privileged object.

Subject:
	Security ID:		DESKTOP-P8HTU4V\User
	Account Name:		User
	Account Domain:		DESKTOP-P8HTU4V
	Logon ID:		0x344C8

Object:
	Object Server:	Security
	Object Type:	Key
	Object Name:	\REGISTRY\USER\S-1-5-21-887719237-3143055800-1059174887-1001\Software\Microsoft\Windows\CurrentVersion\Explorer\User Shell Folders
	Object Handle:	0x484

Process Information:
	Process ID:	0x76c
	Process Name:	C:\Windows\System32\wbem\WmiPrvSE.exe

Requested Operation:
	Desired Access:	DELETE
				READ_CONTROL
				WRITE_DAC
				WRITE_OWNER
				Query key value
				Set key value
				Create sub-key
				Enumerate sub-keys
				Notify about changes to keys
				Create Link
				
	Privileges:		SeTakeOwnershipPrivilege"
Information,21/05/2020 14:02,Microsoft-Windows-Security-Auditing,4674,Sensitive Privilege Use,"An operation was attempted on a privileged object.

Subject:
	Security ID:		DESKTOP-P8HTU4V\User
	Account Name:		User
	Account Domain:		DESKTOP-P8HTU4V
	Logon ID:		0x344C8

Object:
	Object Server:	Security
	Object Type:	-
	Object Name:	-
	Object Handle:	0x49c

Process Information:
	Process ID:	0x76c
	Process Name:	C:\Windows\System32\wbem\WmiPrvSE.exe

Requested Operation:
	Desired Access:	983103
	Privileges:		SeTakeOwnershipPrivilege"
Information,21/05/2020 14:02,Microsoft-Windows-Security-Auditing,4674,Sensitive Privilege Use,"An operation was attempted on a privileged object.

Subject:
	Security ID:		DESKTOP-P8HTU4V\User
	Account Name:		User
	Account Domain:		DESKTOP-P8HTU4V
	Logon ID:		0x344C8

Object:
	Object Server:	Security
	Object Type:	Key
	Object Name:	\REGISTRY\USER\S-1-5-21-887719237-3143055800-1059174887-1001\Software\Microsoft\Windows\CurrentVersion\Explorer\User Shell Folders
	Object Handle:	0x49c

Process Information:
	Process ID:	0x76c
	Process Name:	C:\Windows\System32\wbem\WmiPrvSE.exe

Requested Operation:
	Desired Access:	DELETE
				READ_CONTROL
				WRITE_DAC
				WRITE_OWNER
				Query key value
				Set key value
				Create sub-key
				Enumerate sub-keys
				Notify about changes to keys
				Create Link
				
	Privileges:		SeTakeOwnershipPrivilege"
Information,21/05/2020 14:02,Microsoft-Windows-Security-Auditing,4674,Sensitive Privilege Use,"An operation was attempted on a privileged object.

Subject:
	Security ID:		DESKTOP-P8HTU4V\User
	Account Name:		User
	Account Domain:		DESKTOP-P8HTU4V
	Logon ID:		0x344C8

Object:
	Object Server:	Security
	Object Type:	Semaphore
	Object Name:	\Sessions\1\BaseNamedObjects\SM0:1020:304:WilStaging_02_p0h
	Object Handle:	0x304

Process Information:
	Process ID:	0x3fc
	Process Name:	C:\Windows\System32\wbem\WMIC.exe

Requested Operation:
	Desired Access:	DELETE
				READ_CONTROL
				WRITE_DAC
				WRITE_OWNER
				SYNCHRONIZE
				Query semaphore state
				Modify semaphore state
				
	Privileges:		SeTakeOwnershipPrivilege"
